[27/03/2021 14:16:55] scrape failed -> Get "https://secure.runescape.com/m=hiscore_oldschool_hardcore_ironman/overall?category_type=1&table=24&page=5": context deadline exceeded (Client.Timeout exceeded while awaiting headers)
[27/03/2021 18:18:39] incorrect number of api categories
[27/03/2021 18:18:53] incorrect number of api categories
[27/03/2021 18:19:06] incorrect number of api categories
[27/03/2021 18:19:19] incorrect number of api categories
[27/03/2021 18:19:32] incorrect number of api categories
[27/03/2021 18:19:42] incorrect number of api categories
[27/03/2021 18:19:55] incorrect number of api categories
[27/03/2021 18:20:08] incorrect number of api categories
[27/03/2021 18:20:22] incorrect number of api categories
[27/03/2021 18:20:30] incorrect number of api categories
[27/03/2021 18:20:43] incorrect number of api categories
[27/03/2021 18:20:56] incorrect number of api categories
[27/03/2021 18:21:09] incorrect number of api categories
[27/03/2021 18:21:22] incorrect number of api categories
[27/03/2021 18:21:30] incorrect number of api categories
[27/03/2021 18:21:43] incorrect number of api categories
[27/03/2021 18:21:56] incorrect number of api categories
[27/03/2021 18:22:09] incorrect number of api categories
[27/03/2021 18:22:23] incorrect number of api categories
[27/03/2021 18:22:31] incorrect number of api categories
[27/03/2021 18:22:44] incorrect number of api categories
[27/03/2021 18:22:57] incorrect number of api categories
[27/03/2021 18:23:10] incorrect number of api categories
[27/03/2021 18:23:19] incorrect number of api categories
[27/03/2021 18:23:32] incorrect number of api categories
[27/03/2021 18:23:46] incorrect number of api categories
[27/03/2021 18:24:02] incorrect number of api categories
[27/03/2021 18:24:10] incorrect number of api categories
[27/03/2021 18:24:23] incorrect number of api categories
[27/03/2021 18:24:36] incorrect number of api categories
[27/03/2021 18:24:50] incorrect number of api categories
[27/03/2021 18:24:59] incorrect number of api categories
[27/03/2021 18:25:12] incorrect number of api categories
[27/03/2021 18:25:25] incorrect number of api categories
[27/03/2021 18:25:40] incorrect number of api categories
[27/03/2021 18:25:48] incorrect number of api categories
[27/03/2021 18:26:01] incorrect number of api categories
[27/03/2021 18:26:15] incorrect number of api categories
[27/03/2021 18:26:28] incorrect number of api categories
[27/03/2021 18:26:42] incorrect number of api categories
[27/03/2021 18:26:50] incorrect number of api categories
[27/03/2021 18:27:03] incorrect number of api categories
[27/03/2021 18:27:17] incorrect number of api categories
[27/03/2021 18:27:30] incorrect number of api categories
[27/03/2021 18:27:38] incorrect number of api categories
[27/03/2021 18:27:51] incorrect number of api categories
[27/03/2021 18:28:04] incorrect number of api categories
[27/03/2021 18:28:18] incorrect number of api categories
[27/03/2021 18:28:31] incorrect number of api categories
[27/03/2021 18:28:39] incorrect number of api categories
[27/03/2021 18:28:52] incorrect number of api categories
[27/03/2021 18:29:05] incorrect number of api categories
[27/03/2021 18:29:18] incorrect number of api categories
[27/03/2021 18:29:32] incorrect number of api categories
[27/03/2021 18:29:40] incorrect number of api categories
[27/03/2021 18:29:53] incorrect number of api categories
[27/03/2021 18:30:06] incorrect number of api categories
[27/03/2021 18:30:19] incorrect number of api categories
[27/03/2021 18:30:33] incorrect number of api categories
[27/03/2021 18:30:41] incorrect number of api categories
[27/03/2021 18:30:55] incorrect number of api categories
[27/03/2021 18:31:08] incorrect number of api categories
[27/03/2021 18:31:21] incorrect number of api categories
[27/03/2021 18:31:29] incorrect number of api categories
[27/03/2021 18:31:42] incorrect number of api categories
[27/03/2021 18:31:56] incorrect number of api categories
[27/03/2021 18:32:09] incorrect number of api categories
[27/03/2021 18:32:22] incorrect number of api categories
[27/03/2021 18:32:30] incorrect number of api categories
[27/03/2021 18:32:43] incorrect number of api categories
[27/03/2021 18:32:56] incorrect number of api categories
[27/03/2021 18:33:10] incorrect number of api categories
[27/03/2021 18:33:18] incorrect number of api categories
[27/03/2021 18:33:31] incorrect number of api categories
[27/03/2021 18:33:44] incorrect number of api categories
[27/03/2021 18:33:57] incorrect number of api categories
[27/03/2021 18:34:10] incorrect number of api categories
[27/03/2021 18:34:18] incorrect number of api categories
[27/03/2021 18:34:32] incorrect number of api categories
[27/03/2021 18:34:45] incorrect number of api categories
[27/03/2021 18:34:58] incorrect number of api categories
[27/03/2021 18:35:11] incorrect number of api categories
[27/03/2021 18:35:19] incorrect number of api categories
[27/03/2021 18:35:33] incorrect number of api categories
[27/03/2021 18:35:46] incorrect number of api categories
[27/03/2021 18:35:59] incorrect number of api categories
[27/03/2021 18:36:08] incorrect number of api categories
[27/03/2021 18:36:21] incorrect number of api categories
[27/03/2021 18:36:35] incorrect number of api categories
[27/03/2021 18:36:49] incorrect number of api categories
[27/03/2021 18:37:02] incorrect number of api categories
[27/03/2021 18:37:10] incorrect number of api categories
[27/03/2021 18:37:23] incorrect number of api categories
[27/03/2021 18:37:36] incorrect number of api categories
[27/03/2021 18:37:50] incorrect number of api categories
[27/03/2021 18:38:03] incorrect number of api categories
[27/03/2021 18:38:16] incorrect number of api categories
[27/03/2021 18:38:29] incorrect number of api categories
[27/03/2021 18:38:38] incorrect number of api categories
[27/03/2021 18:38:51] incorrect number of api categories
[27/03/2021 18:39:04] incorrect number of api categories
[27/03/2021 18:39:18] incorrect number of api categories
[27/03/2021 18:39:32] incorrect number of api categories
[27/03/2021 18:39:40] incorrect number of api categories
[27/03/2021 18:39:53] incorrect number of api categories
[27/03/2021 18:40:06] incorrect number of api categories
[27/03/2021 18:40:19] incorrect number of api categories
[27/03/2021 18:40:32] incorrect number of api categories
[27/03/2021 18:40:41] incorrect number of api categories
[27/03/2021 18:40:54] incorrect number of api categories
[27/03/2021 18:41:07] incorrect number of api categories
[27/03/2021 18:41:21] incorrect number of api categories
[27/03/2021 18:41:30] incorrect number of api categories
[27/03/2021 18:41:43] incorrect number of api categories
[27/03/2021 18:41:57] incorrect number of api categories
[27/03/2021 18:42:10] incorrect number of api categories
[27/03/2021 18:42:18] incorrect number of api categories
[27/03/2021 18:42:31] incorrect number of api categories
[27/03/2021 18:42:46] incorrect number of api categories
[27/03/2021 18:43:02] incorrect number of api categories
[27/03/2021 18:43:09] incorrect number of api categories
[27/03/2021 18:43:23] incorrect number of api categories
[27/03/2021 18:43:37] incorrect number of api categories
[27/03/2021 18:43:52] incorrect number of api categories
[27/03/2021 18:44:01] incorrect number of api categories
[27/03/2021 18:44:14] incorrect number of api categories
[27/03/2021 18:44:27] incorrect number of api categories
[27/03/2021 18:44:41] incorrect number of api categories
[27/03/2021 18:44:49] incorrect number of api categories
[27/03/2021 18:45:02] incorrect number of api categories
[27/03/2021 18:45:15] incorrect number of api categories
[27/03/2021 18:45:29] incorrect number of api categories
[27/03/2021 18:45:39] incorrect number of api categories
[27/03/2021 18:45:53] incorrect number of api categories
[27/03/2021 18:46:06] incorrect number of api categories
[27/03/2021 18:46:19] incorrect number of api categories
[27/03/2021 18:46:32] incorrect number of api categories
[27/03/2021 18:46:41] incorrect number of api categories
[27/03/2021 18:46:54] incorrect number of api categories
[27/03/2021 18:47:07] incorrect number of api categories
[27/03/2021 18:47:21] incorrect number of api categories
[27/03/2021 18:47:29] incorrect number of api categories
[27/03/2021 18:47:44] incorrect number of api categories
[27/03/2021 18:47:57] incorrect number of api categories
[27/03/2021 18:48:10] incorrect number of api categories
[27/03/2021 18:48:18] incorrect number of api categories
[27/03/2021 18:48:34] incorrect number of api categories
[27/03/2021 18:48:47] incorrect number of api categories
[27/03/2021 18:49:00] incorrect number of api categories
[27/03/2021 18:49:08] incorrect number of api categories
[27/03/2021 18:49:23] incorrect number of api categories
[27/03/2021 18:49:40] incorrect number of api categories
[27/03/2021 18:49:48] incorrect number of api categories
[27/03/2021 18:50:01] incorrect number of api categories
[27/03/2021 18:50:15] incorrect number of api categories
[27/03/2021 18:50:29] incorrect number of api categories
[27/03/2021 18:50:38] incorrect number of api categories
[27/03/2021 18:50:52] incorrect number of api categories
[27/03/2021 18:51:05] incorrect number of api categories
[27/03/2021 18:51:18] incorrect number of api categories
[27/03/2021 18:51:31] incorrect number of api categories
[27/03/2021 18:51:40] incorrect number of api categories
[27/03/2021 18:51:53] incorrect number of api categories
[27/03/2021 18:52:06] incorrect number of api categories
[27/03/2021 18:52:19] incorrect number of api categories
[27/03/2021 18:52:28] incorrect number of api categories
[27/03/2021 18:52:41] incorrect number of api categories
[27/03/2021 18:52:55] incorrect number of api categories
[27/03/2021 18:53:08] incorrect number of api categories
[27/03/2021 18:53:21] incorrect number of api categories
[27/03/2021 18:53:30] incorrect number of api categories
[27/03/2021 18:53:45] incorrect number of api categories
[27/03/2021 18:53:59] incorrect number of api categories
[27/03/2021 18:54:12] incorrect number of api categories
[27/03/2021 18:54:22] incorrect number of api categories
[27/03/2021 18:54:37] incorrect number of api categories
[27/03/2021 18:54:51] incorrect number of api categories
[27/03/2021 18:54:59] incorrect number of api categories
[27/03/2021 18:55:13] incorrect number of api categories
[27/03/2021 18:55:26] incorrect number of api categories
[27/03/2021 18:55:39] incorrect number of api categories
[27/03/2021 18:55:49] incorrect number of api categories
[27/03/2021 18:56:02] incorrect number of api categories
[27/03/2021 18:56:15] incorrect number of api categories
[27/03/2021 18:56:29] incorrect number of api categories
[27/03/2021 18:56:42] incorrect number of api categories
[27/03/2021 18:56:51] incorrect number of api categories
[27/03/2021 18:57:04] incorrect number of api categories
[27/03/2021 18:57:17] incorrect number of api categories
[27/03/2021 18:57:31] incorrect number of api categories
[27/03/2021 18:57:42] incorrect number of api categories
[27/03/2021 18:57:55] incorrect number of api categories
[27/03/2021 18:58:08] incorrect number of api categories
[27/03/2021 18:58:22] incorrect number of api categories
[27/03/2021 18:58:32] incorrect number of api categories
[27/03/2021 18:58:45] incorrect number of api categories
[27/03/2021 18:58:59] incorrect number of api categories
[27/03/2021 18:59:12] incorrect number of api categories
[27/03/2021 18:59:20] incorrect number of api categories
[27/03/2021 18:59:35] incorrect number of api categories
[27/03/2021 18:59:49] incorrect number of api categories
[27/03/2021 19:00:03] incorrect number of api categories
[27/03/2021 19:00:13] incorrect number of api categories
[27/03/2021 19:00:26] incorrect number of api categories
[27/03/2021 19:00:38] incorrect number of api categories
[27/03/2021 19:00:52] incorrect number of api categories
[27/03/2021 19:01:06] incorrect number of api categories
[27/03/2021 19:01:19] incorrect number of api categories
[27/03/2021 19:01:28] incorrect number of api categories
[27/03/2021 19:01:41] incorrect number of api categories
[27/03/2021 19:01:55] incorrect number of api categories
[27/03/2021 19:02:10] incorrect number of api categories
[27/03/2021 19:02:18] incorrect number of api categories
[27/03/2021 19:02:31] incorrect number of api categories
[27/03/2021 19:02:45] incorrect number of api categories
[27/03/2021 19:02:58] incorrect number of api categories
[27/03/2021 19:03:11] incorrect number of api categories
[27/03/2021 19:03:19] incorrect number of api categories
[27/03/2021 19:03:35] incorrect number of api categories
[27/03/2021 19:03:49] incorrect number of api categories
[27/03/2021 19:04:02] incorrect number of api categories
[27/03/2021 19:04:10] incorrect number of api categories
[27/03/2021 19:04:24] incorrect number of api categories
[27/03/2021 19:04:38] incorrect number of api categories
[27/03/2021 19:04:53] incorrect number of api categories
[27/03/2021 19:05:01] incorrect number of api categories
[27/03/2021 19:05:15] incorrect number of api categories
[27/03/2021 19:05:29] incorrect number of api categories
[27/03/2021 19:05:42] incorrect number of api categories
[27/03/2021 19:05:53] incorrect number of api categories
[27/03/2021 19:06:06] incorrect number of api categories
[27/03/2021 19:06:19] incorrect number of api categories
[27/03/2021 19:06:32] incorrect number of api categories
[27/03/2021 19:06:41] incorrect number of api categories
[27/03/2021 19:06:55] incorrect number of api categories
[27/03/2021 19:07:08] incorrect number of api categories
[27/03/2021 19:07:21] incorrect number of api categories
[27/03/2021 19:07:29] incorrect number of api categories
[27/03/2021 19:07:43] incorrect number of api categories
[27/03/2021 19:07:56] incorrect number of api categories
[27/03/2021 19:08:09] incorrect number of api categories
[27/03/2021 19:08:22] incorrect number of api categories
[27/03/2021 19:08:30] incorrect number of api categories
[27/03/2021 19:08:43] incorrect number of api categories
[27/03/2021 19:08:56] incorrect number of api categories
[27/03/2021 19:09:09] incorrect number of api categories
[27/03/2021 19:09:22] incorrect number of api categories
[27/03/2021 19:09:30] incorrect number of api categories
[27/03/2021 19:09:43] incorrect number of api categories
[27/03/2021 19:09:56] incorrect number of api categories
[27/03/2021 19:10:09] incorrect number of api categories
[27/03/2021 19:10:20] incorrect number of api categories
[27/03/2021 19:10:33] incorrect number of api categories
[27/03/2021 19:10:46] incorrect number of api categories
[27/03/2021 19:10:59] incorrect number of api categories
[27/03/2021 19:11:12] incorrect number of api categories
[27/03/2021 19:11:20] incorrect number of api categories
[27/03/2021 19:11:33] incorrect number of api categories
[27/03/2021 19:11:46] incorrect number of api categories
[27/03/2021 19:12:00] incorrect number of api categories
[27/03/2021 19:12:08] incorrect number of api categories
[27/03/2021 19:12:21] incorrect number of api categories
[27/03/2021 19:12:34] incorrect number of api categories
[27/03/2021 19:12:47] incorrect number of api categories
[27/03/2021 19:13:01] incorrect number of api categories
[27/03/2021 19:13:08] incorrect number of api categories
[27/03/2021 19:13:22] incorrect number of api categories
[27/03/2021 19:13:35] incorrect number of api categories
[27/03/2021 19:13:48] incorrect number of api categories
[27/03/2021 19:14:01] incorrect number of api categories
[27/03/2021 19:14:09] incorrect number of api categories
[27/03/2021 19:14:22] incorrect number of api categories
[27/03/2021 19:14:35] incorrect number of api categories
[27/03/2021 19:14:48] incorrect number of api categories
[27/03/2021 19:15:02] incorrect number of api categories
[27/03/2021 19:15:10] incorrect number of api categories
[27/03/2021 19:15:23] incorrect number of api categories
[27/03/2021 19:15:36] incorrect number of api categories
[27/03/2021 19:15:49] incorrect number of api categories
[27/03/2021 19:16:03] incorrect number of api categories
[27/03/2021 19:16:12] incorrect number of api categories
[27/03/2021 19:16:25] incorrect number of api categories
[27/03/2021 19:16:38] incorrect number of api categories
[27/03/2021 19:16:52] incorrect number of api categories
[27/03/2021 19:17:00] incorrect number of api categories
[27/03/2021 19:17:13] incorrect number of api categories
[27/03/2021 19:17:26] incorrect number of api categories
[27/03/2021 19:17:39] incorrect number of api categories
[27/03/2021 19:17:48] incorrect number of api categories
[27/03/2021 19:18:01] incorrect number of api categories
[27/03/2021 19:18:14] incorrect number of api categories
[27/03/2021 19:18:27] incorrect number of api categories
[27/03/2021 19:18:40] incorrect number of api categories
[27/03/2021 19:18:49] incorrect number of api categories
[27/03/2021 19:19:02] incorrect number of api categories
[27/03/2021 19:19:16] incorrect number of api categories
[27/03/2021 19:19:29] incorrect number of api categories
[27/03/2021 19:19:38] incorrect number of api categories
[27/03/2021 19:19:52] incorrect number of api categories
[27/03/2021 19:20:05] incorrect number of api categories
[27/03/2021 19:20:19] incorrect number of api categories
[27/03/2021 19:20:32] incorrect number of api categories
[27/03/2021 19:20:41] incorrect number of api categories
[27/03/2021 19:20:54] incorrect number of api categories
[27/03/2021 19:21:07] incorrect number of api categories
[27/03/2021 19:21:20] incorrect number of api categories
[27/03/2021 19:21:28] incorrect number of api categories
[27/03/2021 19:21:42] incorrect number of api categories
[27/03/2021 19:21:57] incorrect number of api categories
[27/03/2021 19:22:10] incorrect number of api categories
[27/03/2021 19:22:19] incorrect number of api categories
[27/03/2021 19:22:33] incorrect number of api categories
[27/03/2021 19:22:46] incorrect number of api categories
[27/03/2021 19:22:59] incorrect number of api categories
[27/03/2021 19:23:13] incorrect number of api categories
[27/03/2021 19:23:21] incorrect number of api categories
[27/03/2021 19:23:34] incorrect number of api categories
[27/03/2021 19:23:47] incorrect number of api categories
[27/03/2021 19:24:03] incorrect number of api categories
[27/03/2021 19:24:12] incorrect number of api categories
[27/03/2021 19:24:25] incorrect number of api categories
[27/03/2021 19:24:38] incorrect number of api categories
[27/03/2021 19:24:52] incorrect number of api categories
[27/03/2021 19:25:00] incorrect number of api categories
[27/03/2021 19:25:13] incorrect number of api categories
[27/03/2021 19:25:26] incorrect number of api categories
[27/03/2021 19:25:39] incorrect number of api categories
[27/03/2021 19:25:52] incorrect number of api categories
[27/03/2021 19:26:01] incorrect number of api categories
[27/03/2021 19:26:14] incorrect number of api categories
[27/03/2021 19:26:27] incorrect number of api categories
[27/03/2021 19:26:41] incorrect number of api categories
[27/03/2021 19:26:49] incorrect number of api categories
[27/03/2021 19:27:02] incorrect number of api categories
[27/03/2021 19:27:15] incorrect number of api categories
[27/03/2021 19:27:28] incorrect number of api categories
[27/03/2021 19:27:41] incorrect number of api categories
[27/03/2021 19:27:50] incorrect number of api categories
[27/03/2021 19:28:03] incorrect number of api categories
[27/03/2021 19:28:16] incorrect number of api categories
[27/03/2021 19:28:29] incorrect number of api categories
[27/03/2021 19:28:42] incorrect number of api categories
[27/03/2021 19:28:50] incorrect number of api categories
[27/03/2021 19:29:03] incorrect number of api categories
[27/03/2021 19:29:18] incorrect number of api categories
[27/03/2021 19:29:32] incorrect number of api categories
[27/03/2021 19:29:45] incorrect number of api categories
[27/03/2021 19:29:58] incorrect number of api categories
[27/03/2021 19:30:12] incorrect number of api categories
[27/03/2021 19:30:20] incorrect number of api categories
[27/03/2021 19:30:33] incorrect number of api categories
[27/03/2021 19:30:48] incorrect number of api categories
[27/03/2021 19:31:02] incorrect number of api categories
[27/03/2021 19:31:10] incorrect number of api categories
[27/03/2021 19:31:24] incorrect number of api categories
[27/03/2021 19:31:39] incorrect number of api categories
[27/03/2021 19:31:52] incorrect number of api categories
[27/03/2021 19:32:01] incorrect number of api categories
[27/03/2021 19:32:14] incorrect number of api categories
[27/03/2021 19:32:27] incorrect number of api categories
[27/03/2021 19:32:41] incorrect number of api categories
[27/03/2021 19:32:49] incorrect number of api categories
[27/03/2021 19:33:02] incorrect number of api categories
[27/03/2021 19:33:16] incorrect number of api categories
[27/03/2021 19:33:30] incorrect number of api categories
[27/03/2021 19:33:38] incorrect number of api categories
[27/03/2021 19:33:53] incorrect number of api categories
[27/03/2021 19:34:06] incorrect number of api categories
[27/03/2021 19:34:19] incorrect number of api categories
[27/03/2021 19:34:28] incorrect number of api categories
[27/03/2021 19:34:45] incorrect number of api categories
[27/03/2021 19:34:58] incorrect number of api categories
[27/03/2021 19:35:11] incorrect number of api categories
[27/03/2021 19:35:19] incorrect number of api categories
[27/03/2021 19:35:34] incorrect number of api categories
[27/03/2021 19:35:47] incorrect number of api categories
[27/03/2021 19:36:01] incorrect number of api categories
[27/03/2021 19:36:09] incorrect number of api categories
[27/03/2021 19:36:24] incorrect number of api categories
[27/03/2021 19:36:40] incorrect number of api categories
[27/03/2021 19:36:49] incorrect number of api categories
[27/03/2021 19:37:02] incorrect number of api categories
[27/03/2021 19:37:15] incorrect number of api categories
[27/03/2021 19:37:30] incorrect number of api categories
[27/03/2021 19:37:40] incorrect number of api categories
[27/03/2021 19:37:53] incorrect number of api categories
[27/03/2021 19:38:06] incorrect number of api categories
[27/03/2021 19:38:19] incorrect number of api categories
[27/03/2021 19:38:32] incorrect number of api categories
[27/03/2021 19:38:41] incorrect number of api categories
[27/03/2021 19:38:54] incorrect number of api categories
[27/03/2021 19:39:07] incorrect number of api categories
[27/03/2021 19:39:21] incorrect number of api categories
[27/03/2021 19:39:30] incorrect number of api categories
[27/03/2021 19:39:44] incorrect number of api categories
[27/03/2021 19:39:57] incorrect number of api categories
[27/03/2021 19:40:10] incorrect number of api categories
[27/03/2021 19:40:18] incorrect number of api categories
[27/03/2021 19:40:31] incorrect number of api categories
[27/03/2021 19:41:21] incorrect number of api categories
[27/03/2021 19:42:14] incorrect number of api categories
[27/03/2021 19:42:22] incorrect number of api categories
[27/03/2021 19:43:04] incorrect number of api categories
[27/03/2021 19:55:29] incorrect number of api categories
[27/03/2021 19:55:33] incorrect number of api categories
[27/03/2021 20:02:34] incorrect number of api categories
[27/03/2021 20:02:37] incorrect number of api categories
[27/03/2021 20:02:40] incorrect number of api categories
[28/03/2021 14:09:30] scrape failed -> Get "https://secure.runescape.com/m=hiscore_oldschool_hardcore_ironman/overall?category_type=1&table=52&page=1": context deadline exceeded (Client.Timeout exceeded while awaiting headers)
[28/03/2021 20:17:52] Get "https://secure.runescape.com/m=hiscore_oldschool_hardcore_ironman/index_lite.ws?player=SewerDemon": dial tcp: lookup secure.runescape.com on 192.168.1.1:53: read udp 192.168.1.112:45573->192.168.1.1:53: i/o timeout
[28/03/2021 20:53:34] scrape failed -> Get "https://secure.runescape.com/m=hiscore_oldschool_hardcore_ironman/overall?category_type=1&table=51&page=1": context deadline exceeded (Client.Timeout exceeded while awaiting headers)
[29/03/2021 14:02:56] scrape failed -> Get "https://secure.runescape.com/m=hiscore_oldschool_hardcore_ironman/overall?category_type=1&table=21&page=1": context deadline exceeded (Client.Timeout exceeded while awaiting headers)
[29/03/2021 15:11:57] scrape failed -> Get "https://secure.runescape.com/m=hiscore_oldschool_hardcore_ironman/overall?category_type=1&table=52&page=1": context deadline exceeded (Client.Timeout exceeded while awaiting headers)
[29/03/2021 22:45:12] scrape failed -> Get "https://secure.runescape.com/m=hiscore_oldschool_hardcore_ironman/overall?category_type=1&table=21&page=2": context deadline exceeded (Client.Timeout exceeded while awaiting headers)
[30/03/2021 06:20:17] scrape failed -> Get "https://secure.runescape.com/m=hiscore_oldschool_hardcore_ironman/overall?category_type=1&table=51&page=1": context deadline exceeded (Client.Timeout exceeded while awaiting headers)
[30/03/2021 23:48:36] scrape failed -> Get "https://secure.runescape.com/m=hiscore_oldschool_hardcore_ironman/overall?category_type=1&table=21&page=1": context deadline exceeded (Client.Timeout exceeded while awaiting headers)
[31/03/2021 07:50:13] incorrect number of api categories
[31/03/2021 07:50:15] incorrect number of api categories
[31/03/2021 07:50:17] incorrect number of api categories
[31/03/2021 07:50:19] incorrect number of api categories
[31/03/2021 07:50:21] incorrect number of api categories
[31/03/2021 07:50:23] incorrect number of api categories
[31/03/2021 07:50:26] incorrect number of api categories
[31/03/2021 07:50:33] incorrect number of api categories
[31/03/2021 07:50:35] incorrect number of api categories
[31/03/2021 07:50:37] incorrect number of api categories
[31/03/2021 07:50:39] incorrect number of api categories
[31/03/2021 07:50:40] incorrect number of api categories
[31/03/2021 07:50:42] incorrect number of api categories
[31/03/2021 07:50:43] incorrect number of api categories
[31/03/2021 07:50:45] incorrect number of api categories
[31/03/2021 07:50:46] incorrect number of api categories
[31/03/2021 07:50:48] incorrect number of api categories
[31/03/2021 07:50:49] incorrect number of api categories
[31/03/2021 07:50:51] incorrect number of api categories
[31/03/2021 07:50:53] incorrect number of api categories
[31/03/2021 07:50:54] incorrect number of api categories
[31/03/2021 07:50:56] incorrect number of api categories
[31/03/2021 07:50:57] incorrect number of api categories
[31/03/2021 07:50:59] incorrect number of api categories
[31/03/2021 07:51:01] incorrect number of api categories
[31/03/2021 07:51:02] incorrect number of api categories
[31/03/2021 07:51:04] incorrect number of api categories
[31/03/2021 07:51:05] incorrect number of api categories
[31/03/2021 07:51:07] incorrect number of api categories
[31/03/2021 07:51:08] incorrect number of api categories
[31/03/2021 07:51:10] incorrect number of api categories
[31/03/2021 07:51:12] incorrect number of api categories
[31/03/2021 07:51:13] incorrect number of api categories
[31/03/2021 07:51:15] incorrect number of api categories
[31/03/2021 07:51:16] incorrect number of api categories
[31/03/2021 07:51:18] incorrect number of api categories
[31/03/2021 07:51:19] incorrect number of api categories
[31/03/2021 07:51:21] incorrect number of api categories
[31/03/2021 07:51:22] incorrect number of api categories
[31/03/2021 07:51:24] incorrect number of api categories
[31/03/2021 07:51:25] incorrect number of api categories
[31/03/2021 07:51:27] incorrect number of api categories
[31/03/2021 07:51:29] incorrect number of api categories
[31/03/2021 07:51:30] incorrect number of api categories
[31/03/2021 07:51:32] incorrect number of api categories
[31/03/2021 07:51:33] incorrect number of api categories
[31/03/2021 07:51:35] incorrect number of api categories
[31/03/2021 07:51:36] incorrect number of api categories
[31/03/2021 07:51:38] incorrect number of api categories
[31/03/2021 07:51:39] incorrect number of api categories
[31/03/2021 07:51:41] incorrect number of api categories
[31/03/2021 07:51:43] incorrect number of api categories
[31/03/2021 07:51:44] incorrect number of api categories
[31/03/2021 07:51:46] incorrect number of api categories
[31/03/2021 07:51:47] incorrect number of api categories
[31/03/2021 07:51:49] incorrect number of api categories
[31/03/2021 07:51:50] incorrect number of api categories
[31/03/2021 07:51:52] incorrect number of api categories
[31/03/2021 07:51:54] incorrect number of api categories
[31/03/2021 07:51:55] incorrect number of api categories
[31/03/2021 07:51:57] incorrect number of api categories
[31/03/2021 07:51:58] incorrect number of api categories
[31/03/2021 07:52:00] incorrect number of api categories
[31/03/2021 07:52:01] incorrect number of api categories
[31/03/2021 07:52:03] incorrect number of api categories
[31/03/2021 07:52:05] incorrect number of api categories
[31/03/2021 07:52:07] incorrect number of api categories
[31/03/2021 07:52:08] incorrect number of api categories
[31/03/2021 07:52:10] incorrect number of api categories
[31/03/2021 07:52:11] incorrect number of api categories
[31/03/2021 07:52:13] incorrect number of api categories
[31/03/2021 07:52:15] incorrect number of api categories
[31/03/2021 07:52:16] incorrect number of api categories
[31/03/2021 07:52:18] incorrect number of api categories
[31/03/2021 07:52:19] incorrect number of api categories
[31/03/2021 07:52:21] incorrect number of api categories
[31/03/2021 07:52:22] incorrect number of api categories
[31/03/2021 07:52:24] incorrect number of api categories
[31/03/2021 07:52:25] incorrect number of api categories
[31/03/2021 07:52:27] incorrect number of api categories
[31/03/2021 07:52:29] incorrect number of api categories
[31/03/2021 07:52:30] incorrect number of api categories
[31/03/2021 07:52:32] incorrect number of api categories
[31/03/2021 07:52:33] incorrect number of api categories
[31/03/2021 07:52:35] incorrect number of api categories
[31/03/2021 07:52:36] incorrect number of api categories
[31/03/2021 07:52:38] incorrect number of api categories
[31/03/2021 07:52:40] incorrect number of api categories
[31/03/2021 07:52:41] incorrect number of api categories
[31/03/2021 07:52:43] incorrect number of api categories
[31/03/2021 07:52:44] incorrect number of api categories
[31/03/2021 07:52:46] incorrect number of api categories
[31/03/2021 07:52:47] incorrect number of api categories
[31/03/2021 07:52:49] incorrect number of api categories
[31/03/2021 07:52:50] incorrect number of api categories
[31/03/2021 07:52:52] incorrect number of api categories
[31/03/2021 07:52:53] incorrect number of api categories
[31/03/2021 07:52:55] incorrect number of api categories
[31/03/2021 07:52:57] incorrect number of api categories
[31/03/2021 07:52:58] incorrect number of api categories
[31/03/2021 07:53:00] incorrect number of api categories
[31/03/2021 07:53:01] incorrect number of api categories
[31/03/2021 07:53:03] incorrect number of api categories
[31/03/2021 07:53:04] incorrect number of api categories
[31/03/2021 07:53:06] incorrect number of api categories
[31/03/2021 07:53:07] incorrect number of api categories
[31/03/2021 07:53:09] incorrect number of api categories
[31/03/2021 07:53:11] incorrect number of api categories
[31/03/2021 07:53:12] incorrect number of api categories
[31/03/2021 07:53:14] incorrect number of api categories
[31/03/2021 07:53:16] incorrect number of api categories
[31/03/2021 07:53:17] incorrect number of api categories
[31/03/2021 07:53:19] incorrect number of api categories
[31/03/2021 07:53:20] incorrect number of api categories
[31/03/2021 07:53:22] incorrect number of api categories
[31/03/2021 07:53:23] incorrect number of api categories
[31/03/2021 07:53:25] incorrect number of api categories
[31/03/2021 07:53:26] incorrect number of api categories
[31/03/2021 07:53:28] incorrect number of api categories
[31/03/2021 07:53:30] incorrect number of api categories
[31/03/2021 07:53:31] incorrect number of api categories
[31/03/2021 07:53:33] incorrect number of api categories
[31/03/2021 07:53:34] incorrect number of api categories
[31/03/2021 07:53:36] incorrect number of api categories
[31/03/2021 07:53:37] incorrect number of api categories
[31/03/2021 07:53:39] incorrect number of api categories
[31/03/2021 07:53:40] incorrect number of api categories
[31/03/2021 07:53:42] incorrect number of api categories
[31/03/2021 07:53:44] incorrect number of api categories
[31/03/2021 07:53:45] incorrect number of api categories
[31/03/2021 07:53:47] incorrect number of api categories
[31/03/2021 07:53:48] incorrect number of api categories
[31/03/2021 07:53:50] incorrect number of api categories
[31/03/2021 07:53:51] incorrect number of api categories
[31/03/2021 07:53:53] incorrect number of api categories
[31/03/2021 07:53:55] incorrect number of api categories
[31/03/2021 07:53:56] incorrect number of api categories
[31/03/2021 07:53:58] incorrect number of api categories
[31/03/2021 07:53:59] incorrect number of api categories
[31/03/2021 07:54:01] incorrect number of api categories
[31/03/2021 07:54:02] incorrect number of api categories
[31/03/2021 07:54:04] incorrect number of api categories
[31/03/2021 07:54:06] incorrect number of api categories
[31/03/2021 07:54:07] incorrect number of api categories
[31/03/2021 07:54:09] incorrect number of api categories
[31/03/2021 07:54:11] incorrect number of api categories
[31/03/2021 07:54:12] incorrect number of api categories
[31/03/2021 07:54:14] incorrect number of api categories
[31/03/2021 07:54:15] incorrect number of api categories
[31/03/2021 07:54:17] incorrect number of api categories
[31/03/2021 07:54:19] incorrect number of api categories
[31/03/2021 07:54:20] incorrect number of api categories
[31/03/2021 07:54:27] incorrect number of api categories
[31/03/2021 07:54:29] incorrect number of api categories
[31/03/2021 07:54:30] incorrect number of api categories
[31/03/2021 07:54:32] incorrect number of api categories
[31/03/2021 07:54:33] incorrect number of api categories
[31/03/2021 07:54:35] incorrect number of api categories
[31/03/2021 07:54:36] incorrect number of api categories
[31/03/2021 07:54:38] incorrect number of api categories
[31/03/2021 07:54:39] incorrect number of api categories
[31/03/2021 07:54:41] incorrect number of api categories
[31/03/2021 07:54:43] incorrect number of api categories
[31/03/2021 07:54:44] incorrect number of api categories
[31/03/2021 07:54:46] incorrect number of api categories
[31/03/2021 07:54:48] incorrect number of api categories
[31/03/2021 07:54:49] incorrect number of api categories
[31/03/2021 07:54:51] incorrect number of api categories
[31/03/2021 07:54:52] incorrect number of api categories
[31/03/2021 07:54:54] incorrect number of api categories
[31/03/2021 07:54:55] incorrect number of api categories
[31/03/2021 07:54:57] incorrect number of api categories
[31/03/2021 07:54:58] incorrect number of api categories
[31/03/2021 07:55:00] incorrect number of api categories
[31/03/2021 07:55:02] incorrect number of api categories
[31/03/2021 07:55:03] incorrect number of api categories
[31/03/2021 07:55:05] incorrect number of api categories
[31/03/2021 07:55:06] incorrect number of api categories
[31/03/2021 07:55:08] incorrect number of api categories
[31/03/2021 07:55:09] incorrect number of api categories
[31/03/2021 07:55:11] incorrect number of api categories
[31/03/2021 07:55:12] incorrect number of api categories
[31/03/2021 07:55:14] incorrect number of api categories
[31/03/2021 07:55:15] incorrect number of api categories
[31/03/2021 07:55:17] incorrect number of api categories
[31/03/2021 07:55:19] incorrect number of api categories
[31/03/2021 07:55:21] incorrect number of api categories
[31/03/2021 07:55:22] incorrect number of api categories
[31/03/2021 07:55:24] incorrect number of api categories
[31/03/2021 07:55:26] incorrect number of api categories
[31/03/2021 07:55:27] incorrect number of api categories
[31/03/2021 07:55:29] incorrect number of api categories
[31/03/2021 07:55:30] incorrect number of api categories
[31/03/2021 07:55:32] incorrect number of api categories
[31/03/2021 07:55:33] incorrect number of api categories
[31/03/2021 07:55:35] incorrect number of api categories
[31/03/2021 07:55:37] incorrect number of api categories
[31/03/2021 07:55:38] incorrect number of api categories
[31/03/2021 07:55:40] incorrect number of api categories
[31/03/2021 07:55:41] incorrect number of api categories
[31/03/2021 07:55:43] incorrect number of api categories
[31/03/2021 07:55:44] incorrect number of api categories
[31/03/2021 07:55:46] incorrect number of api categories
[31/03/2021 07:55:47] incorrect number of api categories
[31/03/2021 07:55:49] incorrect number of api categories
[31/03/2021 07:55:51] incorrect number of api categories
[31/03/2021 07:55:52] incorrect number of api categories
[31/03/2021 07:55:54] incorrect number of api categories
[31/03/2021 07:55:55] incorrect number of api categories
[31/03/2021 07:55:57] incorrect number of api categories
[31/03/2021 07:55:59] incorrect number of api categories
[31/03/2021 07:56:00] incorrect number of api categories
[31/03/2021 07:56:02] incorrect number of api categories
[31/03/2021 07:56:03] incorrect number of api categories
[31/03/2021 07:56:05] incorrect number of api categories
[31/03/2021 07:56:06] incorrect number of api categories
[31/03/2021 07:56:08] incorrect number of api categories
[31/03/2021 07:56:10] incorrect number of api categories
[31/03/2021 07:56:11] incorrect number of api categories
[31/03/2021 07:56:13] incorrect number of api categories
[31/03/2021 07:56:14] incorrect number of api categories
[31/03/2021 07:56:16] incorrect number of api categories
[31/03/2021 07:56:17] incorrect number of api categories
[31/03/2021 07:56:19] incorrect number of api categories
[31/03/2021 07:56:20] incorrect number of api categories
[31/03/2021 07:56:22] incorrect number of api categories
[31/03/2021 07:56:24] incorrect number of api categories
[31/03/2021 07:56:25] incorrect number of api categories
[31/03/2021 07:56:27] incorrect number of api categories
[31/03/2021 07:56:28] incorrect number of api categories
[31/03/2021 07:56:30] incorrect number of api categories
[31/03/2021 07:56:31] incorrect number of api categories
[31/03/2021 07:56:33] incorrect number of api categories
[31/03/2021 07:56:34] incorrect number of api categories
[31/03/2021 07:56:36] incorrect number of api categories
[31/03/2021 07:56:38] incorrect number of api categories
[31/03/2021 07:56:39] incorrect number of api categories
[31/03/2021 07:56:41] incorrect number of api categories
[31/03/2021 07:56:42] incorrect number of api categories
[31/03/2021 07:56:44] incorrect number of api categories
[31/03/2021 07:56:45] incorrect number of api categories
[31/03/2021 07:56:47] incorrect number of api categories
[31/03/2021 07:56:48] incorrect number of api categories
[31/03/2021 07:56:51] incorrect number of api categories
[31/03/2021 10:13:50] scrape failed -> Get "https://secure.runescape.com/m=hiscore_oldschool_hardcore_ironman/overall?category_type=1&table=0&page=1": context deadline exceeded (Client.Timeout exceeded while awaiting headers)
[31/03/2021 20:36:05] Get "https://secure.runescape.com/m=hiscore_oldschool_hardcore_ironman/index_lite.ws?player=Clue+Lass": dial tcp: lookup secure.runescape.com on 192.168.1.1:53: read udp 192.168.1.112:58658->192.168.1.1:53: i/o timeout
[31/03/2021 20:36:15] scrape failed -> Get "https://secure.runescape.com/m=hiscore_oldschool_hardcore_ironman/overall?category_type=1&table=0&page=1": context deadline exceeded (Client.Timeout exceeded while awaiting headers)
[31/03/2021 21:02:49] scrape failed -> Get "https://secure.runescape.com/m=hiscore_oldschool_hardcore_ironman/overall?category_type=1&table=0&page=1": context deadline exceeded (Client.Timeout exceeded while awaiting headers)
[01/04/2021 19:47:38] runner configuration failed -> Get "https://secure.runescape.com/m=hiscore_oldschool/overall": context deadline exceeded (Client.Timeout exceeded while awaiting headers)
