[27/03/2021 14:54:51] connecting to live postgresql db
[27/03/2021 14:58:17] connecting to live postgresql db
[27/03/2021 14:59:44] connecting to live postgresql db
[27/03/2021 15:02:13] connecting to live postgresql db
[27/03/2021 19:41:12] connecting to live postgresql db
[27/03/2021 19:42:11] connecting to live postgresql db
[27/03/2021 19:43:00] connecting to live postgresql db
[27/03/2021 19:55:24] connecting to live postgresql db
[27/03/2021 20:02:26] connecting to live postgresql db
[27/03/2021 20:03:46] connecting to live postgresql db
[27/03/2021 20:18:58] connecting to live postgresql db
[27/03/2021 20:26:05] connecting to live postgresql db
[27/03/2021 20:52:53] connecting to live postgresql db
[27/03/2021 21:40:51] db score: 276, new score: 293, player name: WildBossHCIM, cat name: Crazy Archaeologist
[27/03/2021 23:20:01] db score: 293, new score: 344, player name: WildBossHCIM, cat name: Crazy Archaeologist
[28/03/2021 00:10:41] db score: 50, new score: 51, player name: Ca Fe, cat name: Crazy Archaeologist
[28/03/2021 00:58:49] db score: 51, new score: 52, player name: ydanus, cat name: Chaos Elemental
[28/03/2021 02:04:42] db score: 52, new score: 54, player name: ydanus, cat name: Chaos Elemental
[28/03/2021 02:10:31] db score: 54, new score: 55, player name: ydanus, cat name: Chaos Elemental
[28/03/2021 02:16:22] db score: 55, new score: 56, player name: ydanus, cat name: Chaos Elemental
[28/03/2021 02:22:12] db score: 56, new score: 58, player name: ydanus, cat name: Chaos Elemental
[28/03/2021 02:27:59] db score: 58, new score: 59, player name: ydanus, cat name: Chaos Elemental
[28/03/2021 02:33:48] db score: 59, new score: 61, player name: ydanus, cat name: Chaos Elemental
[28/03/2021 02:39:43] db score: 61, new score: 62, player name: ydanus, cat name: Chaos Elemental
[28/03/2021 03:08:02] db score: 62, new score: 64, player name: ydanus, cat name: Chaos Elemental
[28/03/2021 05:20:12] db score: 344, new score: 351, player name: WildBossHCIM, cat name: Crazy Archaeologist
[28/03/2021 06:32:50] db score: 64, new score: 84, player name: Enslaved rat, cat name: Chaos Fanatic
[28/03/2021 06:50:39] db score: 351, new score: 382, player name: WildBossHCIM, cat name: Crazy Archaeologist
[28/03/2021 07:49:21] db score: 84, new score: 115, player name: Enslaved rat, cat name: Chaos Fanatic
[28/03/2021 10:21:32] db score: 320, new score: 340, player name: Vazela, cat name: Crazy Archaeologist
[28/03/2021 13:42:19] db score: 64, new score: 68, player name: ydanus, cat name: Chaos Elemental
[28/03/2021 13:57:50] db score: 68, new score: 69, player name: ydanus, cat name: Chaos Elemental
[28/03/2021 14:10:03] db score: 69, new score: 72, player name: ydanus, cat name: Chaos Elemental
[28/03/2021 14:18:21] db score: 72, new score: 74, player name: ydanus, cat name: Chaos Elemental
[28/03/2021 14:28:19] db score: 74, new score: 76, player name: ydanus, cat name: Chaos Elemental
[28/03/2021 14:50:20] db score: 76, new score: 81, player name: ydanus, cat name: Chaos Elemental
[28/03/2021 15:09:20] db score: 81, new score: 86, player name: ydanus, cat name: Chaos Elemental
[28/03/2021 15:17:32] db score: 86, new score: 87, player name: ydanus, cat name: Chaos Elemental
[28/03/2021 15:45:00] db score: 87, new score: 88, player name: ydanus, cat name: Chaos Elemental
[28/03/2021 17:41:50] db score: 63, new score: 80, player name: GAOKNMxzHR, cat name: Venenatis
[28/03/2021 17:53:20] db score: 80, new score: 82, player name: GAOKNMxzHR, cat name: Venenatis
[29/03/2021 08:26:19] db score: 239, new score: 301, player name: S 6 X, cat name: Scorpia
[29/03/2021 08:39:19] db score: 301, new score: 306, player name: S 6 X, cat name: Scorpia
[29/03/2021 14:06:41] db score: 340, new score: 360, player name: Vazela, cat name: Crazy Archaeologist
[29/03/2021 15:40:52] db score: 82, new score: 86, player name: GAOKNMxzHR, cat name: Venenatis
[29/03/2021 16:10:50] db score: 86, new score: 91, player name: GAOKNMxzHR, cat name: Venenatis
[30/03/2021 06:45:41] db score: 306, new score: 325, player name: S 6 X, cat name: Scorpia
[30/03/2021 07:15:11] db score: 325, new score: 336, player name: S 6 X, cat name: Scorpia
[30/03/2021 07:33:41] db score: 336, new score: 342, player name: S 6 X, cat name: Scorpia
[30/03/2021 08:59:49] db score: 342, new score: 376, player name: S 6 X, cat name: Scorpia
[30/03/2021 09:48:32] db score: 116, new score: 124, player name: Tree Clined, cat name: Chaos Elemental
[30/03/2021 09:56:31] db score: 124, new score: 125, player name: Tree Clined, cat name: Chaos Elemental
[30/03/2021 13:29:51] db score: 56, new score: 89, player name: Spiderphobia, cat name: Chaos Fanatic
[30/03/2021 13:59:53] db score: 89, new score: 101, player name: Spiderphobia, cat name: Chaos Fanatic
[30/03/2021 14:15:30] db score: 360, new score: 401, player name: Vazela, cat name: Crazy Archaeologist
[30/03/2021 14:36:07] connecting to live postgresql db
[31/03/2021 05:21:15] db score: 80, new score: 83, player name: Enslaved rat, cat name: Crazy Archaeologist
[31/03/2021 05:56:40] db score: 83, new score: 102, player name: Enslaved rat, cat name: Crazy Archaeologist
[31/03/2021 06:08:51] db score: 115, new score: 117, player name: Enslaved rat, cat name: Chaos Fanatic
[01/04/2021 10:17:17] connecting to live postgresql db
[01/04/2021 10:17:19] connecting to live postgresql db
[01/04/2021 10:17:21] connecting to live postgresql db
[01/04/2021 10:17:22] connecting to live postgresql db
[01/04/2021 10:17:24] connecting to live postgresql db
[01/04/2021 10:56:47] connecting to live postgresql db
[01/04/2021 10:56:49] connecting to live postgresql db
[01/04/2021 10:56:50] connecting to live postgresql db
[01/04/2021 10:56:51] connecting to live postgresql db
[01/04/2021 10:56:53] connecting to live postgresql db
[01/04/2021 19:17:17] connecting to live postgresql db
[01/04/2021 19:17:19] connecting to live postgresql db
[01/04/2021 19:17:25] connecting to live postgresql db
[01/04/2021 19:17:29] connecting to live postgresql db
[01/04/2021 19:47:38] connecting to live postgresql db
[01/04/2021 19:47:40] connecting to live postgresql db
[01/04/2021 19:47:42] connecting to live postgresql db
[01/04/2021 19:47:43] connecting to live postgresql db
[01/04/2021 19:47:45] connecting to live postgresql db
[03/04/2021 20:46:16] connecting to live postgresql db
[03/04/2021 20:46:17] connecting to live postgresql db
[03/04/2021 20:46:19] connecting to live postgresql db
[03/04/2021 20:46:20] connecting to live postgresql db
[03/04/2021 20:46:22] connecting to live postgresql db
[03/04/2021 20:47:44] connecting to live postgresql db
[03/04/2021 20:48:29] connecting to live postgresql db
[03/04/2021 20:50:04] connecting to live postgresql db
[03/04/2021 20:50:06] connecting to live postgresql db
[03/04/2021 20:50:08] connecting to live postgresql db
[03/04/2021 20:50:09] connecting to live postgresql db
[03/04/2021 20:50:11] connecting to live postgresql db
[03/04/2021 20:53:11] connecting to live postgresql db
[03/04/2021 21:01:20] connecting to live postgresql db
[04/04/2021 11:55:31] connecting to live postgresql db
[04/04/2021 11:55:33] connecting to live postgresql db
[04/04/2021 11:55:35] connecting to live postgresql db
[04/04/2021 11:55:37] connecting to live postgresql db
[04/04/2021 11:55:38] connecting to live postgresql db
[05/04/2021 11:31:05] connecting to live postgresql db
[05/04/2021 11:31:07] connecting to live postgresql db
[05/04/2021 11:31:08] connecting to live postgresql db
[05/04/2021 11:31:15] connecting to live postgresql db
[05/04/2021 11:31:16] connecting to live postgresql db
[05/04/2021 11:31:18] connecting to live postgresql db
[05/04/2021 11:31:19] connecting to live postgresql db
[05/04/2021 11:31:21] connecting to live postgresql db
[05/04/2021 11:31:22] connecting to live postgresql db
[07/04/2021 14:02:55] connecting to live postgresql db
[07/04/2021 14:06:14] connecting to live postgresql db
[07/04/2021 14:06:40] connecting to live postgresql db
[07/04/2021 14:07:06] connecting to live postgresql db
[07/04/2021 14:08:59] connecting to live postgresql db
[07/04/2021 14:09:32] connecting to live postgresql db
[07/04/2021 14:09:56] connecting to live postgresql db
[07/04/2021 14:10:25] connecting to live postgresql db
[07/04/2021 14:13:03] connecting to live postgresql db
[07/04/2021 14:21:25] connecting to live postgresql db
[07/04/2021 14:23:36] connecting to live postgresql db
[07/04/2021 14:23:53] connecting to live postgresql db
[07/04/2021 14:27:48] connecting to live postgresql db
[07/04/2021 14:29:45] connecting to live postgresql db
[07/04/2021 14:29:47] db score: 101, new score: 517, player name: Spiderphobia, cat name: Chaos Fanatic
[07/04/2021 14:30:01] db score: 376, new score: 479, player name: S 6 X, cat name: Scorpia
[07/04/2021 14:32:26] connecting to live postgresql db
[07/04/2021 14:33:00] connecting to live postgresql db
[07/04/2021 14:38:48] connecting to live postgresql db
[07/04/2021 15:30:23] connecting to live postgresql db
[07/04/2021 15:30:40] db score: 88, new score: 448, player name: ydanus, cat name: Chaos Elemental
[07/04/2021 15:30:40] db score: 158, new score: 174, player name: Marvs Return, cat name: Chaos Elemental
[07/04/2021 15:30:40] db score: 125, new score: 170, player name: Tree Clined, cat name: Chaos Elemental
[07/04/2021 15:31:49] db score: 242, new score: 275, player name: Tree Clined, cat name: Venenatis
[07/04/2021 15:31:49] db score: 96, new score: 124, player name: Tanzer 1, cat name: Venenatis
[07/04/2021 15:38:06] connecting to live postgresql db
[07/04/2021 16:06:04] connecting to live postgresql db
[07/04/2021 16:06:12] connecting to live postgresql db
[07/04/2021 16:09:37] connecting to live postgresql db
[07/04/2021 16:10:16] connecting to live postgresql db
[07/04/2021 16:11:51] db score: 517, new score: 523, player name: Spiderphobia, cat name: Chaos Fanatic
[07/04/2021 16:12:11] db score: 401, new score: 449, player name: Vazela, cat name: Crazy Archaeologist
[07/04/2021 16:12:51] connecting to live postgresql db
[07/04/2021 16:13:55] connecting to live postgresql db
[07/04/2021 16:15:42] db score: 88, new score: 106, player name: slut ass, cat name: Crazy Archaeologist
[07/04/2021 16:19:01] db score: 50, new score: 53, player name: You seed, cat name: Crazy Archaeologist
[07/04/2021 16:29:32] connecting to live postgresql db
[07/04/2021 16:30:46] connecting to live postgresql db
[07/04/2021 16:34:08] connecting to live postgresql db
[07/04/2021 16:53:41] db score: 523, new score: 537, player name: Spiderphobia, cat name: Chaos Fanatic
[07/04/2021 20:05:10] db score: 537, new score: 542, player name: Spiderphobia, cat name: Chaos Fanatic
[07/04/2021 20:18:32] db score: 107, new score: 119, player name: Dont Bother, cat name: Crazy Archaeologist
[07/04/2021 21:01:18] db score: 542, new score: 563, player name: Spiderphobia, cat name: Chaos Fanatic
[07/04/2021 21:32:18] db score: 563, new score: 568, player name: Spiderphobia, cat name: Chaos Fanatic
[07/04/2021 22:15:29] db score: 568, new score: 576, player name: Spiderphobia, cat name: Chaos Fanatic
[08/04/2021 08:28:21] db score: 108, new score: 109, player name: R utto, cat name: Callisto
[08/04/2021 08:36:48] db score: 109, new score: 110, player name: R utto, cat name: Callisto
[08/04/2021 08:45:22] db score: 110, new score: 111, player name: R utto, cat name: Callisto
[08/04/2021 08:49:22] db score: 111, new score: 112, player name: R utto, cat name: Callisto
[08/04/2021 08:54:50] db score: 112, new score: 113, player name: R utto, cat name: Callisto
[08/04/2021 09:00:22] db score: 113, new score: 114, player name: R utto, cat name: Callisto
[08/04/2021 09:08:22] db score: 114, new score: 115, player name: R utto, cat name: Callisto
[08/04/2021 09:09:19] db score: 103, new score: 140, player name: F athlete, cat name: Venenatis
[08/04/2021 09:11:19] db score: 115, new score: 116, player name: R utto, cat name: Callisto
[08/04/2021 09:18:48] db score: 116, new score: 117, player name: R utto, cat name: Callisto
[08/04/2021 09:32:20] db score: 117, new score: 118, player name: R utto, cat name: Callisto
[08/04/2021 09:34:22] db score: 118, new score: 119, player name: R utto, cat name: Callisto
[08/04/2021 09:39:52] db score: 119, new score: 120, player name: R utto, cat name: Callisto
[08/04/2021 14:23:11] db score: 448, new score: 450, player name: ydanus, cat name: Chaos Elemental
[08/04/2021 14:23:40] db score: 576, new score: 609, player name: Spiderphobia, cat name: Chaos Fanatic
[08/04/2021 14:29:50] db score: 53, new score: 54, player name: Tbay, cat name: Chaos Elemental
[08/04/2021 14:31:50] db score: 54, new score: 55, player name: Tbay, cat name: Chaos Elemental
[08/04/2021 14:44:01] db score: 55, new score: 57, player name: Tbay, cat name: Chaos Elemental
[08/04/2021 16:03:21] db score: 57, new score: 75, player name: Tbay, cat name: Chaos Elemental
[08/04/2021 21:36:10] db score: 140, new score: 157, player name: F athlete, cat name: Venenatis
[08/04/2021 21:54:41] db score: 449, new score: 452, player name: Vazela, cat name: Crazy Archaeologist
[09/04/2021 05:35:21] db score: 382, new score: 396, player name: WildBossHCIM, cat name: Crazy Archaeologist
[09/04/2021 06:11:52] db score: 157, new score: 160, player name: F athlete, cat name: Venenatis
[09/04/2021 07:02:18] db score: 160, new score: 170, player name: F athlete, cat name: Venenatis
[09/04/2021 08:13:51] db score: 120, new score: 121, player name: R utto, cat name: Callisto
[09/04/2021 08:19:18] db score: 121, new score: 122, player name: R utto, cat name: Callisto
[09/04/2021 08:24:53] db score: 122, new score: 123, player name: R utto, cat name: Callisto
[09/04/2021 08:36:51] db score: 123, new score: 124, player name: R utto, cat name: Callisto
[09/04/2021 08:42:41] db score: 124, new score: 125, player name: R utto, cat name: Callisto
[09/04/2021 08:54:21] db score: 125, new score: 126, player name: R utto, cat name: Callisto
[09/04/2021 09:03:21] db score: 126, new score: 127, player name: R utto, cat name: Callisto
[09/04/2021 09:19:52] db score: 127, new score: 128, player name: R utto, cat name: Callisto
[09/04/2021 09:24:53] db score: 128, new score: 129, player name: R utto, cat name: Callisto
[09/04/2021 09:30:51] db score: 129, new score: 130, player name: R utto, cat name: Callisto
[09/04/2021 09:36:23] db score: 130, new score: 131, player name: R utto, cat name: Callisto
[09/04/2021 09:42:51] db score: 131, new score: 132, player name: R utto, cat name: Callisto
[09/04/2021 09:48:22] db score: 132, new score: 133, player name: R utto, cat name: Callisto
[09/04/2021 09:51:20] db score: 133, new score: 134, player name: R utto, cat name: Callisto
[09/04/2021 09:59:51] db score: 134, new score: 135, player name: R utto, cat name: Callisto
[09/04/2021 10:05:21] db score: 135, new score: 136, player name: R utto, cat name: Callisto
[09/04/2021 10:16:22] db score: 136, new score: 137, player name: R utto, cat name: Callisto
[09/04/2021 10:18:18] db score: 137, new score: 138, player name: R utto, cat name: Callisto
[09/04/2021 10:26:50] db score: 138, new score: 139, player name: R utto, cat name: Callisto
[09/04/2021 10:37:21] db score: 139, new score: 140, player name: R utto, cat name: Callisto
[09/04/2021 11:55:40] db score: 450, new score: 489, player name: ydanus, cat name: Chaos Elemental
[09/04/2021 13:20:01] db score: 54, new score: 56, player name: Solo Elysian, cat name: Venenatis
[09/04/2021 13:39:02] db score: 56, new score: 57, player name: Solo Elysian, cat name: Venenatis
[09/04/2021 15:55:10] db score: 489, new score: 528, player name: ydanus, cat name: Chaos Elemental
[10/04/2021 01:39:18] db score: 396, new score: 411, player name: WildBossHCIM, cat name: Crazy Archaeologist
[11/04/2021 01:37:19] db score: 411, new score: 424, player name: WildBossHCIM, cat name: Crazy Archaeologist
[11/04/2021 08:44:33] db score: 81, new score: 83, player name: Tryin No Die, cat name: Crazy Archaeologist
[11/04/2021 11:12:52] db score: 57, new score: 65, player name: Solo Elysian, cat name: Venenatis
[11/04/2021 11:25:00] db score: 65, new score: 66, player name: Solo Elysian, cat name: Venenatis
[11/04/2021 12:37:01] db score: 66, new score: 69, player name: Solo Elysian, cat name: Venenatis
[11/04/2021 12:56:31] db score: 69, new score: 70, player name: Solo Elysian, cat name: Venenatis
[11/04/2021 13:18:31] db score: 70, new score: 75, player name: Solo Elysian, cat name: Venenatis
[11/04/2021 13:51:03] db score: 75, new score: 83, player name: Solo Elysian, cat name: Venenatis
[11/04/2021 14:59:02] db score: 83, new score: 90, player name: Solo Elysian, cat name: Venenatis
[11/04/2021 15:27:02] db score: 90, new score: 96, player name: Solo Elysian, cat name: Venenatis
[11/04/2021 15:55:00] db score: 96, new score: 99, player name: Solo Elysian, cat name: Venenatis
[11/04/2021 16:22:19] db score: 99, new score: 102, player name: Solo Elysian, cat name: Venenatis
[11/04/2021 16:32:49] db score: 102, new score: 103, player name: Solo Elysian, cat name: Venenatis
[11/04/2021 16:46:19] db score: 103, new score: 106, player name: Solo Elysian, cat name: Venenatis
[11/04/2021 17:03:19] db score: 106, new score: 110, player name: Solo Elysian, cat name: Venenatis
[11/04/2021 17:28:23] db score: 110, new score: 111, player name: Solo Elysian, cat name: Venenatis
[11/04/2021 17:39:21] db score: 111, new score: 114, player name: Solo Elysian, cat name: Venenatis
[11/04/2021 19:45:21] db score: 424, new score: 430, player name: WildBossHCIM, cat name: Crazy Archaeologist
[11/04/2021 19:58:42] connecting to live postgresql db
[12/04/2021 00:34:41] db score: 114, new score: 117, player name: Solo Elysian, cat name: Venenatis
[12/04/2021 01:01:11] db score: 117, new score: 122, player name: Solo Elysian, cat name: Venenatis
[12/04/2021 01:55:12] db score: 122, new score: 134, player name: Solo Elysian, cat name: Venenatis
[12/04/2021 07:32:11] db score: 140, new score: 141, player name: R utto, cat name: Callisto
[12/04/2021 07:40:21] db score: 141, new score: 142, player name: R utto, cat name: Callisto
[12/04/2021 07:48:34] db score: 142, new score: 143, player name: R utto, cat name: Callisto
[12/04/2021 07:54:34] db score: 143, new score: 144, player name: R utto, cat name: Callisto
[12/04/2021 08:01:01] db score: 144, new score: 145, player name: R utto, cat name: Callisto
[12/04/2021 08:07:00] db score: 145, new score: 146, player name: R utto, cat name: Callisto
[12/04/2021 08:15:01] db score: 146, new score: 147, player name: R utto, cat name: Callisto
[12/04/2021 08:27:00] db score: 147, new score: 148, player name: R utto, cat name: Callisto
[12/04/2021 08:33:20] db score: 148, new score: 149, player name: R utto, cat name: Callisto
[12/04/2021 08:36:02] db score: 452, new score: 469, player name: Vazela, cat name: Crazy Archaeologist
[12/04/2021 08:37:01] db score: 149, new score: 150, player name: R utto, cat name: Callisto
[12/04/2021 08:44:01] db score: 150, new score: 151, player name: R utto, cat name: Callisto
[12/04/2021 08:54:10] db score: 151, new score: 152, player name: R utto, cat name: Callisto
[12/04/2021 09:06:42] db score: 152, new score: 153, player name: R utto, cat name: Callisto
[12/04/2021 09:10:41] db score: 153, new score: 154, player name: R utto, cat name: Callisto
[12/04/2021 09:17:02] db score: 154, new score: 155, player name: R utto, cat name: Callisto
[12/04/2021 09:21:00] db score: 155, new score: 156, player name: R utto, cat name: Callisto
[12/04/2021 09:28:32] db score: 156, new score: 157, player name: R utto, cat name: Callisto
[12/04/2021 09:34:40] db score: 157, new score: 158, player name: R utto, cat name: Callisto
[12/04/2021 09:44:31] db score: 158, new score: 160, player name: R utto, cat name: Callisto
[12/04/2021 09:46:30] db score: 160, new score: 161, player name: R utto, cat name: Callisto
[12/04/2021 09:52:30] db score: 161, new score: 162, player name: R utto, cat name: Callisto
[12/04/2021 09:59:11] db score: 162, new score: 163, player name: R utto, cat name: Callisto
[12/04/2021 13:59:15] db score: 528, new score: 542, player name: ydanus, cat name: Chaos Elemental
[12/04/2021 14:48:11] connecting to live postgresql db
[12/04/2021 16:27:32] db score: 50, new score: 51, player name: Mois t, cat name: Chaos Elemental
[12/04/2021 17:19:29] db score: 51, new score: 57, player name: Mois t, cat name: Chaos Elemental
[12/04/2021 17:45:30] db score: 57, new score: 60, player name: Mois t, cat name: Chaos Elemental
[12/04/2021 18:15:51] db score: 50, new score: 52, player name: GangGang 420, cat name: Crazy Archaeologist
[12/04/2021 19:15:22] connecting to live postgresql db
[12/04/2021 19:19:09] connecting to live postgresql db
[12/04/2021 19:29:48] db score: 52, new score: 56, player name: GangGang 420, cat name: Crazy Archaeologist
[12/04/2021 22:40:51] db score: 56, new score: 59, player name: GangGang 420, cat name: Crazy Archaeologist
[12/04/2021 23:58:32] db score: 59, new score: 60, player name: GangGang 420, cat name: Crazy Archaeologist
[13/04/2021 03:49:22] db score: 60, new score: 65, player name: GangGang 420, cat name: Crazy Archaeologist
[13/04/2021 04:18:02] db score: 430, new score: 461, player name: WildBossHCIM, cat name: Crazy Archaeologist
[13/04/2021 04:27:42] db score: 65, new score: 69, player name: GangGang 420, cat name: Crazy Archaeologist
[13/04/2021 05:06:19] db score: 69, new score: 74, player name: GangGang 420, cat name: Crazy Archaeologist
[13/04/2021 07:59:49] db score: 205, new score: 207, player name: BORN 2 D1E, cat name: Crazy Archaeologist
[13/04/2021 08:13:32] db score: 163, new score: 164, player name: R utto, cat name: Callisto
[13/04/2021 08:30:12] db score: 50, new score: 57, player name: ZiLLA ZO HC, cat name: Crazy Archaeologist
[13/04/2021 10:24:51] db score: 57, new score: 69, player name: ZiLLA ZO HC, cat name: Crazy Archaeologist
[13/04/2021 10:28:19] db score: 469, new score: 481, player name: Vazela, cat name: Crazy Archaeologist
[13/04/2021 15:44:12] db score: 254, new score: 263, player name: Masterleafv3, cat name: Crazy Archaeologist
[13/04/2021 18:28:02] db score: 74, new score: 81, player name: GangGang 420, cat name: Crazy Archaeologist
[13/04/2021 19:06:33] db score: 81, new score: 85, player name: GangGang 420, cat name: Crazy Archaeologist
[13/04/2021 20:21:49] db score: 85, new score: 93, player name: GangGang 420, cat name: Crazy Archaeologist
[13/04/2021 21:00:18] db score: 93, new score: 102, player name: GangGang 420, cat name: Crazy Archaeologist
[13/04/2021 21:39:16] db score: 102, new score: 104, player name: GangGang 420, cat name: Crazy Archaeologist
[13/04/2021 22:56:33] db score: 104, new score: 112, player name: GangGang 420, cat name: Crazy Archaeologist
[13/04/2021 23:34:45] db score: 112, new score: 115, player name: GangGang 420, cat name: Crazy Archaeologist
[14/04/2021 04:54:33] db score: 115, new score: 119, player name: GangGang 420, cat name: Crazy Archaeologist
[14/04/2021 05:25:30] db score: 119, new score: 124, player name: GangGang 420, cat name: Crazy Archaeologist
[14/04/2021 06:39:02] db score: 124, new score: 126, player name: GangGang 420, cat name: Crazy Archaeologist
[14/04/2021 07:39:01] db score: 164, new score: 165, player name: R utto, cat name: Callisto
[14/04/2021 07:45:30] db score: 165, new score: 166, player name: R utto, cat name: Callisto
[14/04/2021 07:50:02] db score: 166, new score: 167, player name: R utto, cat name: Callisto
[14/04/2021 08:08:02] db score: 167, new score: 168, player name: R utto, cat name: Callisto
[14/04/2021 08:14:02] db score: 168, new score: 169, player name: R utto, cat name: Callisto
[14/04/2021 08:37:01] db score: 169, new score: 170, player name: R utto, cat name: Callisto
[14/04/2021 08:39:31] db score: 170, new score: 171, player name: R utto, cat name: Callisto
[14/04/2021 08:46:01] db score: 171, new score: 172, player name: R utto, cat name: Callisto
[14/04/2021 08:52:31] db score: 172, new score: 173, player name: R utto, cat name: Callisto
[14/04/2021 09:11:00] db score: 173, new score: 174, player name: R utto, cat name: Callisto
[14/04/2021 09:17:22] db score: 174, new score: 175, player name: R utto, cat name: Callisto
[14/04/2021 09:34:01] db score: 175, new score: 176, player name: R utto, cat name: Callisto
[14/04/2021 09:46:00] db score: 176, new score: 177, player name: R utto, cat name: Callisto
[14/04/2021 14:37:02] db score: 542, new score: 556, player name: ydanus, cat name: Chaos Elemental
[14/04/2021 14:46:51] db score: 556, new score: 558, player name: ydanus, cat name: Chaos Elemental
[14/04/2021 15:31:51] db score: 558, new score: 564, player name: ydanus, cat name: Chaos Elemental
[14/04/2021 17:12:32] db score: 126, new score: 132, player name: GangGang 420, cat name: Crazy Archaeologist
[14/04/2021 17:50:47] db score: 132, new score: 136, player name: GangGang 420, cat name: Crazy Archaeologist
[14/04/2021 18:55:33] db score: 461, new score: 464, player name: WildBossHCIM, cat name: Crazy Archaeologist
[14/04/2021 18:56:50] db score: 50, new score: 51, player name: ThomasLPC, cat name: Callisto
[14/04/2021 19:02:49] db score: 51, new score: 53, player name: ThomasLPC, cat name: Callisto
[14/04/2021 19:08:50] db score: 53, new score: 54, player name: ThomasLPC, cat name: Callisto
[14/04/2021 19:12:50] db score: 54, new score: 55, player name: ThomasLPC, cat name: Callisto
[14/04/2021 19:21:20] db score: 55, new score: 57, player name: ThomasLPC, cat name: Callisto
