[27/03/2021 18:18:32] One Last You has entered the highscores for Crazy Archaeologist. their kc is 50.
[27/03/2021 20:21:18] Knot Flaccid has entered the highscores for Crazy Archaeologist. their kc is 60.
[27/03/2021 21:40:51] WildBossHCIM's KC has changed for Crazy Archaeologist. their kc has increased from 276 to 293. Time since this boss was last checked: 5m50.898309328s
[27/03/2021 23:20:01] WildBossHCIM's KC has changed for Crazy Archaeologist. their kc has increased from 293 to 344. Time since this boss was last checked: 5m51.16961965s
[27/03/2021 23:59:21] Ca Fe has entered the highscores for Crazy Archaeologist. their kc is 50.
[28/03/2021 00:10:41] Ca Fe's KC has changed for Crazy Archaeologist. their kc has increased from 50 to 51. Time since this boss was last checked: 5m31.152566242s
[28/03/2021 00:53:02] ydanus has entered the highscores for Chaos Elemental. their kc is 51.
[28/03/2021 00:58:49] ydanus's KC has changed for Chaos Elemental. their kc has increased from 51 to 52. Time since this boss was last checked: 5m46.663474667s
[28/03/2021 02:04:42] ydanus's KC has changed for Chaos Elemental. their kc has increased from 52 to 54. Time since this boss was last checked: 5m53.407281478s
[28/03/2021 02:10:31] ydanus's KC has changed for Chaos Elemental. their kc has increased from 54 to 55. Time since this boss was last checked: 5m49.233126398s
[28/03/2021 02:16:22] ydanus's KC has changed for Chaos Elemental. their kc has increased from 55 to 56. Time since this boss was last checked: 5m51.100424026s
[28/03/2021 02:22:12] ydanus's KC has changed for Chaos Elemental. their kc has increased from 56 to 58. Time since this boss was last checked: 5m49.51370945s
[28/03/2021 02:27:59] ydanus's KC has changed for Chaos Elemental. their kc has increased from 58 to 59. Time since this boss was last checked: 5m47.438950594s
[28/03/2021 02:33:48] ydanus's KC has changed for Chaos Elemental. their kc has increased from 59 to 61. Time since this boss was last checked: 5m48.834084567s
[28/03/2021 02:39:43] ydanus's KC has changed for Chaos Elemental. their kc has increased from 61 to 62. Time since this boss was last checked: 5m54.774613925s
[28/03/2021 03:08:02] ydanus's KC has changed for Chaos Elemental. their kc has increased from 62 to 64. Time since this boss was last checked: 28m18.889891407s
[28/03/2021 05:20:12] WildBossHCIM's KC has changed for Crazy Archaeologist. their kc has increased from 344 to 351. Time since this boss was last checked: 3m23.978341273s
[28/03/2021 06:32:50] Enslaved rat's KC has changed for Chaos Fanatic. their kc has increased from 64 to 84. Time since this boss was last checked: 3m8.275046162s
[28/03/2021 06:50:39] WildBossHCIM's KC has changed for Crazy Archaeologist. their kc has increased from 351 to 382. Time since this boss was last checked: 4m49.92797456s
[28/03/2021 06:51:02] co justyn has entered the highscores for Crazy Archaeologist. their kc is 116.
[28/03/2021 07:49:21] Enslaved rat's KC has changed for Chaos Fanatic. their kc has increased from 84 to 115. Time since this boss was last checked: 1m40.294210777s
[28/03/2021 10:21:32] Vazela's KC has changed for Crazy Archaeologist. their kc has increased from 320 to 340. Time since this boss was last checked: 7m38.973162579s
[28/03/2021 13:42:19] ydanus's KC has changed for Chaos Elemental. their kc has increased from 64 to 68. Time since this boss was last checked: 21m29.382000334s
[28/03/2021 13:57:50] ydanus's KC has changed for Chaos Elemental. their kc has increased from 68 to 69. Time since this boss was last checked: 6m59.41518436s
[28/03/2021 14:10:03] ydanus's KC has changed for Chaos Elemental. their kc has increased from 69 to 72. Time since this boss was last checked: 12m12.456676863s
[28/03/2021 14:18:21] ydanus's KC has changed for Chaos Elemental. their kc has increased from 72 to 74. Time since this boss was last checked: 8m18.088038648s
[28/03/2021 14:28:19] ydanus's KC has changed for Chaos Elemental. their kc has increased from 74 to 76. Time since this boss was last checked: 9m58.456842409s
[28/03/2021 14:50:20] ydanus's KC has changed for Chaos Elemental. their kc has increased from 76 to 81. Time since this boss was last checked: 22m0.402064729s
[28/03/2021 15:09:20] ydanus's KC has changed for Chaos Elemental. their kc has increased from 81 to 86. Time since this boss was last checked: 18m59.986714854s
[28/03/2021 15:17:32] ydanus's KC has changed for Chaos Elemental. their kc has increased from 86 to 87. Time since this boss was last checked: 8m12.503113375s
[28/03/2021 15:45:00] ydanus's KC has changed for Chaos Elemental. their kc has increased from 87 to 88. Time since this boss was last checked: 7m40.678566951s
[28/03/2021 17:41:50] GAOKNMxzHR's KC has changed for Venenatis. their kc has increased from 63 to 80. Time since this boss was last checked: 24m28.772625838s
[28/03/2021 17:53:20] GAOKNMxzHR's KC has changed for Venenatis. their kc has increased from 80 to 82. Time since this boss was last checked: 3m0.722794692s
[29/03/2021 08:26:19] S 6 X's KC has changed for Scorpia. their kc has increased from 239 to 301. Time since this boss was last checked: 1m38.380478855s
[29/03/2021 08:39:19] S 6 X's KC has changed for Scorpia. their kc has increased from 301 to 306. Time since this boss was last checked: 1m56.533896388s
[29/03/2021 14:06:41] Vazela's KC has changed for Crazy Archaeologist. their kc has increased from 340 to 360. Time since this boss was last checked: 5m28.920984728s
[29/03/2021 15:40:52] GAOKNMxzHR's KC has changed for Venenatis. their kc has increased from 82 to 86. Time since this boss was last checked: 5m1.32094315s
[29/03/2021 16:10:50] GAOKNMxzHR's KC has changed for Venenatis. their kc has increased from 86 to 91. Time since this boss was last checked: 1m59.086490963s
[29/03/2021 17:10:50] Tree Clined has entered the highscores for Chaos Elemental. their kc is 116.
[30/03/2021 06:45:41] S 6 X's KC has changed for Scorpia. their kc has increased from 306 to 325. Time since this boss was last checked: 1m18.745153652s
[30/03/2021 07:15:11] S 6 X's KC has changed for Scorpia. their kc has increased from 325 to 336. Time since this boss was last checked: 1m19.888912809s
[30/03/2021 07:33:41] S 6 X's KC has changed for Scorpia. their kc has increased from 336 to 342. Time since this boss was last checked: 1m19.762108039s
[30/03/2021 08:59:49] S 6 X's KC has changed for Scorpia. their kc has increased from 342 to 376. Time since this boss was last checked: 1m56.895423504s
[30/03/2021 09:46:50] Vilgefortz has entered the highscores for Chaos Elemental. their kc is 50.
[30/03/2021 09:48:32] Tree Clined's KC has changed for Chaos Elemental. their kc has increased from 116 to 124. Time since this boss was last checked: 1m42.02621812s
[30/03/2021 09:56:31] Tree Clined's KC has changed for Chaos Elemental. their kc has increased from 124 to 125. Time since this boss was last checked: 1m59.975541993s
[30/03/2021 11:45:51] Spiderphobia has entered the highscores for Chaos Fanatic. their kc is 56.
[30/03/2021 13:29:51] Spiderphobia's KC has changed for Chaos Fanatic. their kc has increased from 56 to 89. Time since this boss was last checked: 1m32.212444129s
[30/03/2021 13:59:53] Spiderphobia's KC has changed for Chaos Fanatic. their kc has increased from 89 to 101. Time since this boss was last checked: 4m2.369266827s
[30/03/2021 14:15:30] Vazela's KC has changed for Crazy Archaeologist. their kc has increased from 360 to 401. Time since this boss was last checked: 6m11.889154405s
[31/03/2021 05:21:21] Enslaved rat's KC has changed for Crazy Archaeologist. their kc has increased from 80 to 83. Time since this boss was last checked: 35m32.922108216s
[31/03/2021 06:08:51] Enslaved rat's KC has changed for Chaos Fanatic. their kc has increased from 115 to 117. Time since this boss was last checked: 3m29.393697497s
