We need DMM has entered the highscores for Vet'ion. their kc is 777.
Shayzien btw has entered the highscores for Vet'ion. their kc is 112.
Lamui has entered the highscores for Chaos Fanatic. their kc is 300.
Lamui has entered the highscores for Crazy Archaeologist. their kc is 500.
Sol o has entered the highscores for Chaos Fanatic. their kc is 430.
Sol o has entered the highscores for Crazy Archaeologist. their kc is 97.
BALL5OFRUNE has entered the highscores for Chaos Fanatic. their kc is 88.
BALL5OFRUNE has entered the highscores for Crazy Archaeologist. their kc is 679.
cat white22 has entered the highscores for Chaos Fanatic. their kc is 575.
cat white22 has entered the highscores for Crazy Archaeologist. their kc is 400.
We need DMM has entered the highscores for Chaos Fanatic. their kc is 225.
We need DMM has entered the highscores for Crazy Archaeologist. their kc is 300.
S 6 X has entered the highscores for Chaos Fanatic. their kc is 65.
S 6 X has entered the highscores for Crazy Archaeologist. their kc is 301.
Flagellation has entered the highscores for Crazy Archaeologist. their kc is 123.
Viiala has entered the highscores for Chaos Fanatic. their kc is 105.
DN on OSRS has entered the highscores for Chaos Fanatic. their kc is 80.
LarryChamp has entered the highscores for Chaos Fanatic. their kc is 69.
Enslaved rat has entered the highscores for Chaos Fanatic. their kc is 64.
topchef0 has entered the highscores for Chaos Fanatic. their kc is 60.
IronMollusk has entered the highscores for Chaos Fanatic. their kc is 54.
Masterleafv3 has entered the highscores for Chaos Fanatic. their kc is 50.
JaIRek-Jad has entered the highscores for Crazy Archaeologist. their kc is 577.
Vazela has entered the highscores for Crazy Archaeologist. their kc is 320.
Spiderphobia has entered the highscores for Crazy Archaeologist. their kc is 305.
WildBossHCIM has entered the highscores for Crazy Archaeologist. their kc is 276.
Zchallenges has entered the highscores for Crazy Archaeologist. their kc is 260.
Masterleafv3 has entered the highscores for Crazy Archaeologist. their kc is 254.
Kerhia has entered the highscores for Crazy Archaeologist. their kc is 235.
BORN 2 D1E has entered the highscores for Crazy Archaeologist. their kc is 205.
Duck Goddess has entered the highscores for Crazy Archaeologist. their kc is 204.
GiantRat has entered the highscores for Crazy Archaeologist. their kc is 187.
MrNiceGoblin has entered the highscores for Crazy Archaeologist. their kc is 180.
Wartortle has entered the highscores for Crazy Archaeologist. their kc is 167.
Exotic Torch has entered the highscores for Crazy Archaeologist. their kc is 160.
NS6 has entered the highscores for Crazy Archaeologist. their kc is 156.
Mokuba has entered the highscores for Crazy Archaeologist. their kc is 151.
S ensei has entered the highscores for Crazy Archaeologist. their kc is 148.
HC Dayz has entered the highscores for Crazy Archaeologist. their kc is 145.
Tree fidy has entered the highscores for Crazy Archaeologist. their kc is 142.
GrifTheSmith has entered the highscores for Crazy Archaeologist. their kc is 141.
WinnipegJets has entered the highscores for Crazy Archaeologist. their kc is 137.
RedEmblem has entered the highscores for Crazy Archaeologist. their kc is 135.
Abogado has entered the highscores for Crazy Archaeologist. their kc is 131.
Binky Bonkey has entered the highscores for Crazy Archaeologist. their kc is 128.
legs danglin has entered the highscores for Crazy Archaeologist. their kc is 127.
Iron MBeasy has entered the highscores for Crazy Archaeologist. their kc is 123.
Aealm has entered the highscores for Crazy Archaeologist. their kc is 121.
Calls U Noob has entered the highscores for Crazy Archaeologist. their kc is 119.
DiabetesRick has entered the highscores for Crazy Archaeologist. their kc is 118.
Behemeths has entered the highscores for Crazy Archaeologist. their kc is 117.
Fe Suq Midic has entered the highscores for Crazy Archaeologist. their kc is 116.
Ngl Tbe has entered the highscores for Crazy Archaeologist. their kc is 116.
huge rodent has entered the highscores for Crazy Archaeologist. their kc is 115.
HcT0xicScrub has entered the highscores for Crazy Archaeologist. their kc is 113.
Also Desires has entered the highscores for Crazy Archaeologist. their kc is 111.
pog laden has entered the highscores for Crazy Archaeologist. their kc is 109.
C o r a has entered the highscores for Crazy Archaeologist. their kc is 107.
Fe Placebo has entered the highscores for Crazy Archaeologist. their kc is 105.
Zandie has entered the highscores for Crazy Archaeologist. their kc is 103.
Minob Sitchy has entered the highscores for Crazy Archaeologist. their kc is 103.
tony ribas has entered the highscores for Crazy Archaeologist. their kc is 103.
Nemirtinga has entered the highscores for Crazy Archaeologist. their kc is 51.
ch nori nam has entered the highscores for Crazy Archaeologist. their kc is 101.
HAX Mike has entered the highscores for Crazy Archaeologist. their kc is 100.
Pockets 165 has entered the highscores for Crazy Archaeologist. their kc is 100.
Scythe Rush has entered the highscores for Crazy Archaeologist. their kc is 100.
Hugge has entered the highscores for Crazy Archaeologist. their kc is 100.
HC 99 has entered the highscores for Crazy Archaeologist. their kc is 100.
Too Much CoX has entered the highscores for Crazy Archaeologist. their kc is 99.
JXXMMY has entered the highscores for Crazy Archaeologist. their kc is 98.
Sketomac has entered the highscores for Crazy Archaeologist. their kc is 97.
a lil hard has entered the highscores for Crazy Archaeologist. their kc is 94.
fe wood has entered the highscores for Crazy Archaeologist. their kc is 94.
HC VickyG has entered the highscores for Crazy Archaeologist. their kc is 94.
Krontio has entered the highscores for Crazy Archaeologist. their kc is 93.
fireyshyguy has entered the highscores for Crazy Archaeologist. their kc is 93.
OGBattleGoat has entered the highscores for Crazy Archaeologist. their kc is 92.
hc nappo has entered the highscores for Crazy Archaeologist. their kc is 92.
weak incel has entered the highscores for Crazy Archaeologist. their kc is 91.
thashm has entered the highscores for Crazy Archaeologist. their kc is 91.
SNACKANIC has entered the highscores for Crazy Archaeologist. their kc is 90.
gaycumunity has entered the highscores for Crazy Archaeologist. their kc is 90.
Natte Mossel has entered the highscores for Crazy Archaeologist. their kc is 90.
HC Glock has entered the highscores for Crazy Archaeologist. their kc is 89.
OSRS Asuna has entered the highscores for Crazy Archaeologist. their kc is 89.
Flipperkze has entered the highscores for Crazy Archaeologist. their kc is 88.
Blije Belg has entered the highscores for Crazy Archaeologist. their kc is 88.
slut ass has entered the highscores for Crazy Archaeologist. their kc is 88.
dadsbarbecue has entered the highscores for Crazy Archaeologist. their kc is 87.
464564563456 has entered the highscores for Crazy Archaeologist. their kc is 87.
HC Vegito has entered the highscores for Crazy Archaeologist. their kc is 86.
eo j has entered the highscores for Crazy Archaeologist. their kc is 86.
HC 0207 has entered the highscores for Crazy Archaeologist. their kc is 86.
Mr Afroboy has entered the highscores for Crazy Archaeologist. their kc is 86.
HCJutschge has entered the highscores for Crazy Archaeologist. their kc is 83.
HC Snurey has entered the highscores for Crazy Archaeologist. their kc is 83.
HCudi has entered the highscores for Crazy Archaeologist. their kc is 82.
Ferrum Doon has entered the highscores for Crazy Archaeologist. their kc is 81.
Jared Dudley has entered the highscores for Crazy Archaeologist. their kc is 81.
Cpt Bach has entered the highscores for Crazy Archaeologist. their kc is 81.
DN on OSRS has entered the highscores for Crazy Archaeologist. their kc is 50.
Oromith has entered the highscores for Crazy Archaeologist. their kc is 81.
Tryin No Die has entered the highscores for Crazy Archaeologist. their kc is 81.
Mattyhoooo has entered the highscores for Crazy Archaeologist. their kc is 81.
Enslaved rat has entered the highscores for Crazy Archaeologist. their kc is 80.
Octopus has entered the highscores for Crazy Archaeologist. their kc is 79.
This1WontDie has entered the highscores for Crazy Archaeologist. their kc is 79.
Oregorger has entered the highscores for Crazy Archaeologist. their kc is 78.
Chuge Hungus has entered the highscores for Crazy Archaeologist. their kc is 77.
Sludge Ball has entered the highscores for Crazy Archaeologist. their kc is 76.
1lifetom has entered the highscores for Crazy Archaeologist. their kc is 76.
Shrek in 3D has entered the highscores for Crazy Archaeologist. their kc is 76.
LarryChamp has entered the highscores for Crazy Archaeologist. their kc is 51.
AmeisenAnton has entered the highscores for Crazy Archaeologist. their kc is 76.
RockHardJosh has entered the highscores for Crazy Archaeologist. their kc is 76.
viinaguard has entered the highscores for Crazy Archaeologist. their kc is 76.
BEARDEDxBR4D has entered the highscores for Crazy Archaeologist. their kc is 76.
Ei dc22 has entered the highscores for Crazy Archaeologist. their kc is 76.
Colloids has entered the highscores for Crazy Archaeologist. their kc is 75.
AlienInvader has entered the highscores for Crazy Archaeologist. their kc is 74.
YZedR has entered the highscores for Crazy Archaeologist. their kc is 74.
Drain Soul has entered the highscores for Crazy Archaeologist. their kc is 74.
HC Dribelz has entered the highscores for Crazy Archaeologist. their kc is 74.
Non Morietur has entered the highscores for Crazy Archaeologist. their kc is 74.
elongi has entered the highscores for Crazy Archaeologist. their kc is 74.
IronMollusk has entered the highscores for Venenatis. their kc is 68.
IronMollusk has entered the highscores for Crazy Archaeologist. their kc is 54.
asmellydawg has entered the highscores for Crazy Archaeologist. their kc is 73.
hc br444 has entered the highscores for Crazy Archaeologist. their kc is 73.
Wanagimietop has entered the highscores for Crazy Archaeologist. their kc is 73.
PRAISE FOOT has entered the highscores for Crazy Archaeologist. their kc is 73.
Sneaky Ninja has entered the highscores for Crazy Archaeologist. their kc is 73.
Eatin Ya But has entered the highscores for Crazy Archaeologist. their kc is 73.
Non-HCIM420 has entered the highscores for Crazy Archaeologist. their kc is 73.
ReiNicks has entered the highscores for Crazy Archaeologist. their kc is 73.
Bulldog4838 has entered the highscores for Crazy Archaeologist. their kc is 72.
Wildlife has entered the highscores for Crazy Archaeologist. their kc is 71.
mutm has entered the highscores for Crazy Archaeologist. their kc is 71.
HC TURT has entered the highscores for Crazy Archaeologist. their kc is 71.
DannyxHC has entered the highscores for Crazy Archaeologist. their kc is 71.
Nast Futter has entered the highscores for Crazy Archaeologist. their kc is 71.
Taslie has entered the highscores for Crazy Archaeologist. their kc is 71.
31CS has entered the highscores for Crazy Archaeologist. their kc is 71.
Titan Selene has entered the highscores for Crazy Archaeologist. their kc is 70.
An1meB00ty has entered the highscores for Crazy Archaeologist. their kc is 70.
Obedium has entered the highscores for Crazy Archaeologist. their kc is 70.
Chanceable has entered the highscores for Crazy Archaeologist. their kc is 70.
Qzuxx has entered the highscores for Crazy Archaeologist. their kc is 70.
A Lew has entered the highscores for Crazy Archaeologist. their kc is 70.
HC Q7L has entered the highscores for Crazy Archaeologist. their kc is 69.
JaksaaJaksaa has entered the highscores for Crazy Archaeologist. their kc is 69.
Dcopek has entered the highscores for Crazy Archaeologist. their kc is 69.
HC Tataa has entered the highscores for Crazy Archaeologist. their kc is 69.
Mr Soup Cup has entered the highscores for Crazy Archaeologist. their kc is 69.
PvPan has entered the highscores for Crazy Archaeologist. their kc is 69.
FoIIy has entered the highscores for Crazy Archaeologist. their kc is 68.
Jackles has entered the highscores for Crazy Archaeologist. their kc is 68.
Sweet Witt has entered the highscores for Crazy Archaeologist. their kc is 68.
Clue Lass has entered the highscores for Crazy Archaeologist. their kc is 68.
pleebe has entered the highscores for Crazy Archaeologist. their kc is 68.
CCFX has entered the highscores for Crazy Archaeologist. their kc is 68.
IM Bootneck has entered the highscores for Crazy Archaeologist. their kc is 68.
HCIM Liam 2 has entered the highscores for Crazy Archaeologist. their kc is 68.
Hc Started has entered the highscores for Crazy Archaeologist. their kc is 67.
Marlynnn has entered the highscores for Crazy Archaeologist. their kc is 67.
hevenpoel has entered the highscores for Crazy Archaeologist. their kc is 67.
IronBaystate has entered the highscores for Crazy Archaeologist. their kc is 66.
Langlock has entered the highscores for Crazy Archaeologist. their kc is 66.
TAG30 has entered the highscores for Crazy Archaeologist. their kc is 66.
Iron Ketdonk has entered the highscores for Crazy Archaeologist. their kc is 65.
HC Daddyy has entered the highscores for Crazy Archaeologist. their kc is 65.
Sics Trip has entered the highscores for Crazy Archaeologist. their kc is 65.
Hellafly has entered the highscores for Crazy Archaeologist. their kc is 65.
Big Sbinalla has entered the highscores for Crazy Archaeologist. their kc is 65.
HCIM Bowman has entered the highscores for Crazy Archaeologist. their kc is 65.
HCIM scrilla has entered the highscores for Crazy Archaeologist. their kc is 65.
Magus Volke has entered the highscores for Crazy Archaeologist. their kc is 65.
HC Elsa Jean has entered the highscores for Crazy Archaeologist. their kc is 65.
Hilland has entered the highscores for Crazy Archaeologist. their kc is 64.
Patrexion has entered the highscores for Crazy Archaeologist. their kc is 64.
PotatoBoiler has entered the highscores for Crazy Archaeologist. their kc is 64.
HC Sweetness has entered the highscores for Crazy Archaeologist. their kc is 64.
Dvy has entered the highscores for Crazy Archaeologist. their kc is 64.
BagelAddict has entered the highscores for Crazy Archaeologist. their kc is 64.
HC Dinna has entered the highscores for Crazy Archaeologist. their kc is 64.
j cole blows has entered the highscores for Crazy Archaeologist. their kc is 64.
Kid Joko has entered the highscores for Crazy Archaeologist. their kc is 63.
Grimicide has entered the highscores for Crazy Archaeologist. their kc is 63.
Dirty trany has entered the highscores for Crazy Archaeologist. their kc is 63.
T4ke Notes has entered the highscores for Crazy Archaeologist. their kc is 63.
HC EvilDave has entered the highscores for Crazy Archaeologist. their kc is 63.
ST3P BR0 has entered the highscores for Crazy Archaeologist. their kc is 63.
spectral egg has entered the highscores for Crazy Archaeologist. their kc is 62.
Fe Reece has entered the highscores for Crazy Archaeologist. their kc is 62.
Erzigal has entered the highscores for Crazy Archaeologist. their kc is 62.
In My Grave has entered the highscores for Crazy Archaeologist. their kc is 62.
die for wdp has entered the highscores for Crazy Archaeologist. their kc is 62.
Ferrag0n has entered the highscores for Crazy Archaeologist. their kc is 61.
Dinhy B Lad has entered the highscores for Crazy Archaeologist. their kc is 61.
Vagarious has entered the highscores for Crazy Archaeologist. their kc is 61.
HC Onkel has entered the highscores for Crazy Archaeologist. their kc is 61.
sol321321 has entered the highscores for Crazy Archaeologist. their kc is 61.
StepBrosHard has entered the highscores for Crazy Archaeologist. their kc is 61.
HC Bipolar has entered the highscores for Crazy Archaeologist. their kc is 61.
HotDog24BTW has entered the highscores for Crazy Archaeologist. their kc is 60.
FKDBYFRUIT has entered the highscores for Crazy Archaeologist. their kc is 60.
gabbi carter has entered the highscores for Crazy Archaeologist. their kc is 60.
ironplebbtw has entered the highscores for Crazy Archaeologist. their kc is 60.
Not Def has entered the highscores for Crazy Archaeologist. their kc is 60.
Black Pussy has entered the highscores for Crazy Archaeologist. their kc is 60.
Iron Stoobie has entered the highscores for Crazy Archaeologist. their kc is 60.
uwu HaKu has entered the highscores for Crazy Archaeologist. their kc is 60.
door hinge33 has entered the highscores for Crazy Archaeologist. their kc is 60.
Malucko has entered the highscores for Crazy Archaeologist. their kc is 60.
Iron P1stols has entered the highscores for Crazy Archaeologist. their kc is 60.
dlh dlh dlh has entered the highscores for Crazy Archaeologist. their kc is 60.
Fiscal Dmge has entered the highscores for Crazy Archaeologist. their kc is 59.
Spliffted has entered the highscores for Crazy Archaeologist. their kc is 59.
J4LBTW has entered the highscores for Crazy Archaeologist. their kc is 59.
Lettuceprey has entered the highscores for Crazy Archaeologist. their kc is 59.
Shin_Xo has entered the highscores for Crazy Archaeologist. their kc is 59.
Zammy Page has entered the highscores for Crazy Archaeologist. their kc is 59.
DV8 has entered the highscores for Crazy Archaeologist. their kc is 59.
IronSerpyy has entered the highscores for Crazy Archaeologist. their kc is 59.
a name 420 has entered the highscores for Crazy Archaeologist. their kc is 59.
DrEarl has entered the highscores for Crazy Archaeologist. their kc is 59.
SURVlVE has entered the highscores for Crazy Archaeologist. their kc is 59.
RosieBtw has entered the highscores for Crazy Archaeologist. their kc is 58.
Blinkarino has entered the highscores for Crazy Archaeologist. their kc is 58.
kweef chief has entered the highscores for Crazy Archaeologist. their kc is 58.
Jays Hard Af has entered the highscores for Crazy Archaeologist. their kc is 58.
Toy Story II has entered the highscores for Crazy Archaeologist. their kc is 58.
Lars Schick has entered the highscores for Crazy Archaeologist. their kc is 58.
L Merre R has entered the highscores for Crazy Archaeologist. their kc is 58.
Gielinor0nly has entered the highscores for Crazy Archaeologist. their kc is 57.
Koenma has entered the highscores for Crazy Archaeologist. their kc is 57.
Juzig v3 has entered the highscores for Crazy Archaeologist. their kc is 57.
Indigo Attic has entered the highscores for Crazy Archaeologist. their kc is 57.
Dope Sweater has entered the highscores for Crazy Archaeologist. their kc is 57.
Elicore has entered the highscores for Crazy Archaeologist. their kc is 57.
1 800 Zaddy has entered the highscores for Crazy Archaeologist. their kc is 57.
TiCass Rouge has entered the highscores for Crazy Archaeologist. their kc is 57.
a sweaty man has entered the highscores for Crazy Archaeologist. their kc is 57.
Tick Talk has entered the highscores for Crazy Archaeologist. their kc is 57.
Turtle HC has entered the highscores for Crazy Archaeologist. their kc is 56.
PvM_2k19 has entered the highscores for Crazy Archaeologist. their kc is 56.
hc rezroozi has entered the highscores for Crazy Archaeologist. their kc is 56.
Lord Aegon V has entered the highscores for Crazy Archaeologist. their kc is 56.
Woke Emu has entered the highscores for Crazy Archaeologist. their kc is 56.
JCBX has entered the highscores for Crazy Archaeologist. their kc is 56.
0 Quest Ptz has entered the highscores for Crazy Archaeologist. their kc is 56.
HC IM Pommy has entered the highscores for Crazy Archaeologist. their kc is 56.
Noxirez has entered the highscores for Crazy Archaeologist. their kc is 56.
HRDSTUCKGOLD has entered the highscores for Crazy Archaeologist. their kc is 56.
Forcekid3 has entered the highscores for Crazy Archaeologist. their kc is 55.
7sd has entered the highscores for Crazy Archaeologist. their kc is 55.
DonkdBrain has entered the highscores for Crazy Archaeologist. their kc is 55.
Titan btw has entered the highscores for Crazy Archaeologist. their kc is 55.
Wolvezzz20HC has entered the highscores for Crazy Archaeologist. their kc is 55.
BrassPotato has entered the highscores for Crazy Archaeologist. their kc is 55.
SimpieSompie has entered the highscores for Crazy Archaeologist. their kc is 55.
Pandu-kun has entered the highscores for Crazy Archaeologist. their kc is 55.
Solis Atarim has entered the highscores for Crazy Archaeologist. their kc is 55.
HCIM Karmo has entered the highscores for Crazy Archaeologist. their kc is 54.
dog pill has entered the highscores for Crazy Archaeologist. their kc is 54.
Mithael20 has entered the highscores for Crazy Archaeologist. their kc is 54.
Jarnold20 has entered the highscores for Crazy Archaeologist. their kc is 54.
Stasabi has entered the highscores for Crazy Archaeologist. their kc is 54.
HC Zukmenot has entered the highscores for Crazy Archaeologist. their kc is 54.
Sum Dyck has entered the highscores for Crazy Archaeologist. their kc is 54.
HCIM Duckboi has entered the highscores for Crazy Archaeologist. their kc is 53.
riskyGains has entered the highscores for Crazy Archaeologist. their kc is 53.
HC PvP has entered the highscores for Crazy Archaeologist. their kc is 53.
How Am I HC has entered the highscores for Crazy Archaeologist. their kc is 53.
Hulie G has entered the highscores for Crazy Archaeologist. their kc is 53.
HcimKami has entered the highscores for Crazy Archaeologist. their kc is 53.
Progress I has entered the highscores for Crazy Archaeologist. their kc is 53.
hc sallust has entered the highscores for Crazy Archaeologist. their kc is 53.
mate im iron has entered the highscores for Crazy Archaeologist. their kc is 53.
Hc Puppy has entered the highscores for Crazy Archaeologist. their kc is 53.
iEatQuikrete has entered the highscores for Crazy Archaeologist. their kc is 53.
Hckutspel has entered the highscores for Crazy Archaeologist. their kc is 53.
Whk has entered the highscores for Crazy Archaeologist. their kc is 53.
Lvl 4 Plates has entered the highscores for Crazy Archaeologist. their kc is 53.
Transit HCIM has entered the highscores for Crazy Archaeologist. their kc is 53.
Iron Nutsacc has entered the highscores for Crazy Archaeologist. their kc is 53.
Bet Idontdie has entered the highscores for Crazy Archaeologist. their kc is 52.
rakudos13 has entered the highscores for Crazy Archaeologist. their kc is 52.
WandenWais has entered the highscores for Crazy Archaeologist. their kc is 52.
Cursed Ivory has entered the highscores for Crazy Archaeologist. their kc is 52.
Ill Fk u Bae has entered the highscores for Crazy Archaeologist. their kc is 52.
VlTAM has entered the highscores for Crazy Archaeologist. their kc is 52.
SewerDemon has entered the highscores for Crazy Archaeologist. their kc is 52.
HC Jim Booty has entered the highscores for Crazy Archaeologist. their kc is 52.
Asparapus has entered the highscores for Crazy Archaeologist. their kc is 52.
HvcProd has entered the highscores for Crazy Archaeologist. their kc is 52.
LuckyOneLife has entered the highscores for Crazy Archaeologist. their kc is 52.
B A S T has entered the highscores for Crazy Archaeologist. their kc is 52.
Fe Pinoy has entered the highscores for Crazy Archaeologist. their kc is 52.
StudlySpudHC has entered the highscores for Crazy Archaeologist. their kc is 51.
xbzr has entered the highscores for Crazy Archaeologist. their kc is 51.
OSRS Manny has entered the highscores for Crazy Archaeologist. their kc is 51.
Program_Iron has entered the highscores for Crazy Archaeologist. their kc is 51.
A U D 1 0 has entered the highscores for Crazy Archaeologist. their kc is 51.
Risk Adverse has entered the highscores for Crazy Archaeologist. their kc is 51.
brit bich has entered the highscores for Crazy Archaeologist. their kc is 51.
SilverSunday has entered the highscores for Crazy Archaeologist. their kc is 51.
Dark Pker119 has entered the highscores for Crazy Archaeologist. their kc is 51.
Chimpfakka has entered the highscores for Crazy Archaeologist. their kc is 51.
Dawn Dewitt has entered the highscores for Crazy Archaeologist. their kc is 51.
Sanke Arms has entered the highscores for Crazy Archaeologist. their kc is 51.
Tektonious has entered the highscores for Crazy Archaeologist. their kc is 51.
Tree Decline has entered the highscores for Crazy Archaeologist. their kc is 51.
W lL L has entered the highscores for Crazy Archaeologist. their kc is 51.
Praesayo has entered the highscores for Crazy Archaeologist. their kc is 51.
Breeps has entered the highscores for Crazy Archaeologist. their kc is 51.
UnLucky Luck has entered the highscores for Crazy Archaeologist. their kc is 51.
tehoputki has entered the highscores for Crazy Archaeologist. their kc is 50.
Crav has entered the highscores for Crazy Archaeologist. their kc is 50.
PedsPrime has entered the highscores for Crazy Archaeologist. their kc is 50.
Nahkalisko has entered the highscores for Crazy Archaeologist. their kc is 50.
CLASSIC LULE has entered the highscores for Crazy Archaeologist. their kc is 50.
Paardenlul88 has entered the highscores for Crazy Archaeologist. their kc is 50.
CorruptCoach has entered the highscores for Crazy Archaeologist. their kc is 50.
Teffva has entered the highscores for Crazy Archaeologist. their kc is 50.
Risky Gamer has entered the highscores for Crazy Archaeologist. their kc is 50.
OneTermTrump has entered the highscores for Crazy Archaeologist. their kc is 50.
Hard Swan has entered the highscores for Crazy Archaeologist. their kc is 50.
numbin has entered the highscores for Crazy Archaeologist. their kc is 50.
Died To WAP has entered the highscores for Crazy Archaeologist. their kc is 50.
stinky vegan has entered the highscores for Crazy Archaeologist. their kc is 50.
Bae Toven has entered the highscores for Crazy Archaeologist. their kc is 50.
ImHcSteve has entered the highscores for Crazy Archaeologist. their kc is 50.
Glashole has entered the highscores for Crazy Archaeologist. their kc is 50.
Irxn has entered the highscores for Crazy Archaeologist. their kc is 50.
jdawg4088 has entered the highscores for Crazy Archaeologist. their kc is 50.
MUZZlN MlKE has entered the highscores for Crazy Archaeologist. their kc is 50.
HCIM LEEDS has entered the highscores for Crazy Archaeologist. their kc is 50.
Mor Ardain has entered the highscores for Crazy Archaeologist. their kc is 50.
Limewire has entered the highscores for Crazy Archaeologist. their kc is 50.
Ketali has entered the highscores for Crazy Archaeologist. their kc is 50.
HittnTheBowl has entered the highscores for Crazy Archaeologist. their kc is 50.
Iron Lo0ter has entered the highscores for Crazy Archaeologist. their kc is 50.
Terry Tasko has entered the highscores for Crazy Archaeologist. their kc is 50.
You seed has entered the highscores for Crazy Archaeologist. their kc is 50.
Fakniuz has entered the highscores for Crazy Archaeologist. their kc is 50.
Still Alivee has entered the highscores for Crazy Archaeologist. their kc is 50.
Pehmolainen has entered the highscores for Crazy Archaeologist. their kc is 50.
Gauntletdogs has entered the highscores for Scorpia. their kc is 62.
No1 has entered the highscores for Venenatis. their kc is 83.
Zandie has entered the highscores for Venenatis. their kc is 80.
GAOKNMxzHR has entered the highscores for Venenatis. their kc is 63.
MitchyBee has entered the highscores for Venenatis. their kc is 50.
me dead soon has entered the highscores for Venenatis. their kc is 50.
